Apr 21, 2021 1:51:59 PM org.apache.catalina.startup.ClassLoaderFactory validateFile
WARNING: Problem with directory [E:\gitrepo\tomcat7-vip\catalina-home\lib], exists: [false], isDirectory: [false], canRead: [false]
Apr 21, 2021 1:51:59 PM org.apache.catalina.startup.ClassLoaderFactory validateFile
WARNING: Problem with directory [E:\gitrepo\tomcat7-vip\catalina-home\lib], exists: [false], isDirectory: [false], canRead: [false]
Apr 21, 2021 1:51:59 PM org.apache.catalina.startup.ClassLoaderFactory validateFile
WARNING: Problem with directory [E:\gitrepo\tomcat7-vip\catalina-home\lib], exists: [false], isDirectory: [false], canRead: [false]
Apr 21, 2021 1:51:59 PM org.apache.catalina.startup.ClassLoaderFactory validateFile
WARNING: Problem with directory [E:\gitrepo\tomcat7-vip\catalina-home\lib], exists: [false], isDirectory: [false], canRead: [false]
Apr 21, 2021 1:51:59 PM org.apache.catalina.startup.Catalina initDirs
SEVERE: Cannot find specified temporary folder at [catalina-home/temp]
Apr 21, 2021 1:52:02 PM org.apache.catalina.startup.VersionLoggerListener log
INFO: Server version name:   Apache Tomcat/@VERSION@
Apr 21, 2021 1:52:02 PM org.apache.catalina.startup.VersionLoggerListener log
INFO: Server built:          @VERSION_BUILT@
Apr 21, 2021 1:52:02 PM org.apache.catalina.startup.VersionLoggerListener log
INFO: Server version number: @VERSION_NUMBER@
Apr 21, 2021 1:52:02 PM org.apache.catalina.startup.VersionLoggerListener log
INFO: OS Name:               Windows 10
Apr 21, 2021 1:52:02 PM org.apache.catalina.startup.VersionLoggerListener log
INFO: OS Version:            10.0
Apr 21, 2021 1:52:02 PM org.apache.catalina.startup.VersionLoggerListener log
INFO: Architecture:          x86
Apr 21, 2021 1:52:02 PM org.apache.catalina.startup.VersionLoggerListener log
INFO: Java Home:             D:\Program Files (x86)\Java\jdk1.8.0_261\jre
Apr 21, 2021 1:52:02 PM org.apache.catalina.startup.VersionLoggerListener log
INFO: JVM Version:           1.8.0_261-b12
Apr 21, 2021 1:52:02 PM org.apache.catalina.startup.VersionLoggerListener log
INFO: JVM Vendor:            Oracle Corporation
Apr 21, 2021 1:52:02 PM org.apache.catalina.startup.VersionLoggerListener log
INFO: CATALINA_BASE:         E:\gitrepo\tomcat7-vip\catalina-home
Apr 21, 2021 1:52:02 PM org.apache.catalina.startup.VersionLoggerListener log
INFO: CATALINA_HOME:         E:\gitrepo\tomcat7-vip\catalina-home
Apr 21, 2021 1:52:02 PM org.apache.catalina.startup.VersionLoggerListener log
INFO: Command line argument: -agentlib:jdwp=transport=dt_socket,address=127.0.0.1:12732,suspend=y,server=n
Apr 21, 2021 1:52:02 PM org.apache.catalina.startup.VersionLoggerListener log
INFO: Command line argument: -Dcatalina.home=catalina-home
Apr 21, 2021 1:52:02 PM org.apache.catalina.startup.VersionLoggerListener log
INFO: Command line argument: -Dcatalina.base=catalina-home
Apr 21, 2021 1:52:02 PM org.apache.catalina.startup.VersionLoggerListener log
INFO: Command line argument: -Djava.endorsed.dirs=catalina-home/endorsed
Apr 21, 2021 1:52:02 PM org.apache.catalina.startup.VersionLoggerListener log
INFO: Command line argument: -Djava.io.tmpdir=catalina-home/temp
Apr 21, 2021 1:52:02 PM org.apache.catalina.startup.VersionLoggerListener log
INFO: Command line argument: -Djava.util.logging.manager=org.apache.juli.ClassLoaderLogManager
Apr 21, 2021 1:52:02 PM org.apache.catalina.startup.VersionLoggerListener log
INFO: Command line argument: -Djava.util.logging.config.file=catalina-home/conf/logging.properties
Apr 21, 2021 1:52:02 PM org.apache.catalina.startup.VersionLoggerListener log
INFO: Command line argument: -Duser.language=
Apr 21, 2021 1:52:02 PM org.apache.catalina.startup.VersionLoggerListener log
INFO: Command line argument: -javaagent:C:\Users\ASUS\.IntelliJIdea2019.3\system\captureAgent\debugger-agent.jar
Apr 21, 2021 1:52:02 PM org.apache.catalina.startup.VersionLoggerListener log
INFO: Command line argument: -Dfile.encoding=UTF-8
Apr 21, 2021 1:52:02 PM org.apache.catalina.core.AprLifecycleListener lifecycleEvent
INFO: The APR based Apache Tomcat Native library which allows optimal performance in production environments was not found on the java.library.path: [D:\Program Files (x86)\Java\jdk1.8.0_261\bin;C:\WINDOWS\Sun\Java\bin;C:\WINDOWS\system32;C:\WINDOWS;D:\Program Files (x86)\VMware\VMware Workstation\bin\;c:\gtk\bin;D:\Program Files (x86)\Python37-32\Scripts\;D:\Program Files (x86)\Python37-32\;E:\app\ASUS\product\11.2.0\dbhome_3\bin;C:\Program Files (x86)\Intel\iCLS Client\;C:\Program Files\Intel\iCLS Client\;C:\Windows\system32;C:\Windows;C:\Windows\System32\Wbem;C:\Windows\System32\WindowsPowerShell\v1.0\;C:\Program Files (x86)\NVIDIA Corporation\PhysX\Common;C:\Program Files (x86)\Intel\Intel(R) Management Engine Components\DAL;C:\Program Files\Intel\Intel(R) Management Engine Components\DAL;C:\Program Files (x86)\Intel\Intel(R) Management Engine Components\IPT;C:\Program Files\Intel\Intel(R) Management Engine Components\IPT;C:\software\MySQL Server 5.5\bin;C:\WINDOWS\system32;C:\WINDOWS;C:\WINDOWS\System32\Wbem;C:\WINDOWS\System32\WindowsPowerShell\v1.0\;C:\Program Files\Microsoft SQL Server\120\DTS\Binn\;C:\Program Files\Microsoft SQL Server\Client SDK\ODBC\110\Tools\Binn\;C:\Program Files (x86)\Microsoft SQL Server\120\Tools\Binn\;C:\Program Files\Microsoft SQL Server\120\Tools\Binn\;C:\Program Files (x86)\Microsoft SQL Server\120\Tools\Binn\ManagementStudio\;C:\Program Files (x86)\Microsoft SQL Server\120\DTS\Binn\;D:\bigdata\findbugs-3.0.1\bin;D:\bigdata\protobuf-2.5.0\src;D:\bigdata\cmake-3.6.1-win64-x64\bin;D:\cygwin\bin;D:\bigdata\zlib;C:\Program Files (x86)\Windows Kits\8.1\Windows Performance Toolkit\;D:\bigdata\apache-ant-1.9.11\bin;D:\hadoop-2.6.5\bin;C:\WINDOWS\System32\OpenSSH\;C:\Users\ASUS\AppData\Local\Microsoft\WindowsApps;D:\Program Files\JetBrains\IntelliJ IDEA 2018.3\bin;C:\Program Files\NVIDIA Corporation\NVIDIA NvDLISR;C:\WINDOWS\system32;C:\WINDOWS;C:\WINDOWS\System32\Wbem;C:\WINDOWS\System32\WindowsPowerShell\v1.0\;C:\WINDOWS\System32\OpenSSH\;D:\Program Files\Git\cmd;D:\gradle-4.9\bin;D:\Java\jdk1.8.0_261\bin;D:\apache-maven-3.6.3-bin\bin;D:\Chrome\apache-ant-1.10.7-bin\bin;E:\Program Files (x86)\NetSarang\Xftp 7\;D:\Program Files (x86)\scala\bin;C:\Program Files\MySQL\MySQL Server 5.7\bin;D:\Program Files\nodejs\;D:\Program Files\Redis\;C:\Users\ASUS\AppData\Local\Microsoft\WindowsApps;D:\Program Files\JetBrains\IntelliJ IDEA 2019.1.4\bin;C:\Users\ASUS\AppData\Local\BypassRuntm;D:\Program Files\JetBrains\IntelliJ IDEA 2019.3.5\bin;;D:\Program Files\JetBrains\DataGrip 2020.3.1\bin;;C:\Users\ASUS\AppData\Local\Microsoft\WindowsApps;C:\Users\ASUS\AppData\Roaming\npm;.]
Apr 21, 2021 1:52:03 PM org.apache.coyote.AbstractProtocol init
INFO: Initializing ProtocolHandler ["http-nio-8080"]
Apr 21, 2021 1:52:04 PM org.apache.tomcat.util.net.NioSelectorPool getSharedSelector
INFO: Using a shared selector for servlet write/read
Apr 21, 2021 1:52:06 PM org.apache.coyote.AbstractProtocol init
INFO: Initializing ProtocolHandler ["ajp-bio-8009"]
Apr 21, 2021 1:52:06 PM org.apache.catalina.startup.Catalina load
INFO: Initialization processed in 7019 ms
Apr 21, 2021 1:52:07 PM org.apache.catalina.core.StandardService startInternal
INFO: Starting service [Catalina]
Apr 21, 2021 1:52:07 PM org.apache.catalina.core.StandardEngine startInternal
INFO: Starting Servlet Engine: Apache Tomcat/@VERSION@
Apr 21, 2021 1:52:07 PM org.apache.catalina.startup.HostConfig deployDescriptor
INFO: Deploying deployment descriptor [E:\gitrepo\tomcat7-vip\catalina-home\conf\Catalina\localhost\Hello##2.xml]
Apr 21, 2021 1:52:10 PM org.apache.catalina.startup.TldConfig execute
INFO: At least one JAR was scanned for TLDs yet contained no TLDs. Enable debug logging for this logger for a complete list of JARs that were scanned but no TLDs were found in them. Skipping unneeded JARs during scanning can improve startup time and JSP compilation time.
Apr 21, 2021 1:52:10 PM org.apache.catalina.startup.HostConfig deployDescriptor
INFO: Deployment of deployment descriptor [E:\gitrepo\tomcat7-vip\catalina-home\conf\Catalina\localhost\Hello##2.xml] has finished in [2,921] ms
Apr 21, 2021 1:52:10 PM org.apache.catalina.startup.HostConfig deployDescriptor
INFO: Deploying deployment descriptor [E:\gitrepo\tomcat7-vip\catalina-home\conf\Catalina\localhost\Hello##3.xml]
Apr 21, 2021 1:52:11 PM org.apache.catalina.startup.TldConfig execute
INFO: At least one JAR was scanned for TLDs yet contained no TLDs. Enable debug logging for this logger for a complete list of JARs that were scanned but no TLDs were found in them. Skipping unneeded JARs during scanning can improve startup time and JSP compilation time.
Apr 21, 2021 1:52:11 PM org.apache.catalina.startup.HostConfig deployDescriptor
INFO: Deployment of deployment descriptor [E:\gitrepo\tomcat7-vip\catalina-home\conf\Catalina\localhost\Hello##3.xml] has finished in [1,356] ms
Apr 21, 2021 1:52:12 PM org.apache.catalina.startup.HostConfig deployWAR
INFO: Deploying web application archive [E:\gitrepo\tomcat7-vip\catalina-home\webapps\demo-servlet.war]
Apr 21, 2021 1:52:13 PM org.apache.catalina.startup.TldConfig execute
INFO: At least one JAR was scanned for TLDs yet contained no TLDs. Enable debug logging for this logger for a complete list of JARs that were scanned but no TLDs were found in them. Skipping unneeded JARs during scanning can improve startup time and JSP compilation time.
Apr 21, 2021 1:52:13 PM org.apache.catalina.startup.HostConfig deployWAR
INFO: Deployment of web application archive [E:\gitrepo\tomcat7-vip\catalina-home\webapps\demo-servlet.war] has finished in [1,418] ms
Apr 21, 2021 1:52:13 PM org.apache.catalina.startup.HostConfig deployDirectory
INFO: Deploying web application directory [E:\gitrepo\tomcat7-vip\catalina-home\webapps\docs]
Apr 21, 2021 1:52:17 PM org.apache.catalina.startup.TldConfig execute
INFO: At least one JAR was scanned for TLDs yet contained no TLDs. Enable debug logging for this logger for a complete list of JARs that were scanned but no TLDs were found in them. Skipping unneeded JARs during scanning can improve startup time and JSP compilation time.
Apr 21, 2021 1:52:17 PM org.apache.catalina.startup.HostConfig deployDirectory
INFO: Deployment of web application directory [E:\gitrepo\tomcat7-vip\catalina-home\webapps\docs] has finished in [3,191] ms
Apr 21, 2021 1:52:17 PM org.apache.catalina.startup.HostConfig deployDirectory
INFO: Deploying web application directory [E:\gitrepo\tomcat7-vip\catalina-home\webapps\examples]
Apr 21, 2021 1:52:19 PM org.apache.catalina.startup.TldConfig execute
INFO: At least one JAR was scanned for TLDs yet contained no TLDs. Enable debug logging for this logger for a complete list of JARs that were scanned but no TLDs were found in them. Skipping unneeded JARs during scanning can improve startup time and JSP compilation time.
Apr 21, 2021 1:52:19 PM org.apache.catalina.core.StandardContext startInternal
SEVERE: One or more listeners failed to start. Full details will be found in the appropriate container log file
Apr 21, 2021 1:52:19 PM org.apache.catalina.core.StandardContext startInternal
SEVERE: Context [/examples] startup failed due to previous errors
Apr 21, 2021 1:52:19 PM org.apache.catalina.startup.HostConfig deployDirectory
INFO: Deployment of web application directory [E:\gitrepo\tomcat7-vip\catalina-home\webapps\examples] has finished in [2,636] ms
Apr 21, 2021 1:52:19 PM org.apache.catalina.startup.HostConfig deployDirectory
INFO: Deploying web application directory [E:\gitrepo\tomcat7-vip\catalina-home\webapps\host-manager]
Apr 21, 2021 1:52:19 PM org.apache.catalina.startup.TldConfig execute
INFO: At least one JAR was scanned for TLDs yet contained no TLDs. Enable debug logging for this logger for a complete list of JARs that were scanned but no TLDs were found in them. Skipping unneeded JARs during scanning can improve startup time and JSP compilation time.
Apr 21, 2021 1:52:19 PM org.apache.catalina.startup.HostConfig deployDirectory
INFO: Deployment of web application directory [E:\gitrepo\tomcat7-vip\catalina-home\webapps\host-manager] has finished in [134] ms
Apr 21, 2021 1:52:19 PM org.apache.catalina.startup.HostConfig deployDirectory
INFO: Deploying web application directory [E:\gitrepo\tomcat7-vip\catalina-home\webapps\manager]
Apr 21, 2021 1:52:19 PM org.apache.catalina.startup.TldConfig execute
INFO: At least one JAR was scanned for TLDs yet contained no TLDs. Enable debug logging for this logger for a complete list of JARs that were scanned but no TLDs were found in them. Skipping unneeded JARs during scanning can improve startup time and JSP compilation time.
Apr 21, 2021 1:52:19 PM org.apache.catalina.startup.HostConfig deployDirectory
INFO: Deployment of web application directory [E:\gitrepo\tomcat7-vip\catalina-home\webapps\manager] has finished in [114] ms
Apr 21, 2021 1:52:19 PM org.apache.catalina.startup.HostConfig deployDirectory
INFO: Deploying web application directory [E:\gitrepo\tomcat7-vip\catalina-home\webapps\ROOT]
Apr 21, 2021 1:52:20 PM org.apache.catalina.startup.TldConfig execute
INFO: At least one JAR was scanned for TLDs yet contained no TLDs. Enable debug logging for this logger for a complete list of JARs that were scanned but no TLDs were found in them. Skipping unneeded JARs during scanning can improve startup time and JSP compilation time.
Apr 21, 2021 1:52:20 PM org.apache.catalina.startup.HostConfig deployDirectory
INFO: Deployment of web application directory [E:\gitrepo\tomcat7-vip\catalina-home\webapps\ROOT] has finished in [105] ms
Apr 21, 2021 1:52:20 PM org.apache.coyote.AbstractProtocol start
INFO: Starting ProtocolHandler ["http-nio-8080"]
Apr 21, 2021 1:52:20 PM org.apache.coyote.AbstractProtocol start
INFO: Starting ProtocolHandler ["ajp-bio-8009"]
Apr 21, 2021 1:52:20 PM org.apache.catalina.startup.Catalina start
INFO: Server startup in 13111 ms
Apr 21, 2021 2:39:22 PM org.apache.coyote.AbstractProtocol pause
INFO: Pausing ProtocolHandler ["http-nio-8080"]
Apr 21, 2021 2:39:22 PM org.apache.coyote.AbstractProtocol pause
INFO: Pausing ProtocolHandler ["ajp-bio-8009"]
Apr 21, 2021 2:39:22 PM org.apache.catalina.core.StandardService stopInternal
INFO: Stopping service [Catalina]
Apr 21, 2021 2:39:22 PM org.apache.coyote.AbstractProtocol stop
INFO: Stopping ProtocolHandler ["http-nio-8080"]
Apr 21, 2021 2:39:22 PM org.apache.coyote.AbstractProtocol stop
INFO: Stopping ProtocolHandler ["ajp-bio-8009"]
Apr 21, 2021 2:39:22 PM org.apache.coyote.AbstractProtocol destroy
INFO: Destroying ProtocolHandler ["http-nio-8080"]
Apr 21, 2021 2:39:22 PM org.apache.coyote.AbstractProtocol destroy
INFO: Destroying ProtocolHandler ["ajp-bio-8009"]
