九月 10, 2021 9:31:34 上午 org.apache.coyote.AbstractProtocol start
信息: å¼å§åè®®å¤çå¥æ["ajp-bio-8009"]
九月 10, 2021 9:31:37 上午 org.apache.catalina.startup.Catalina start
信息: Server startup in 54384551 ms
九月 10, 2021 10:19:16 上午 org.apache.coyote.AbstractProtocol pause
信息: Pausing ProtocolHandler ["http-bio-8080"]
九月 10, 2021 10:19:16 上午 org.apache.coyote.AbstractProtocol pause
信息: Pausing ProtocolHandler ["ajp-bio-8009"]
九月 10, 2021 10:19:16 上午 org.apache.catalina.core.StandardService stopInternal
信息: Stopping service [Catalina]
九月 10, 2021 10:19:16 上午 org.apache.coyote.AbstractProtocol stop
信息: Stopping ProtocolHandler ["http-bio-8080"]
九月 10, 2021 10:19:16 上午 org.apache.coyote.AbstractProtocol stop
信息: Stopping ProtocolHandler ["ajp-bio-8009"]
九月 10, 2021 10:19:16 上午 org.apache.coyote.AbstractProtocol destroy
信息: æ­£å¨æ§æ¯åè®®å¤çå¨ ["http-bio-8080"]
九月 10, 2021 10:19:16 上午 org.apache.coyote.AbstractProtocol destroy
信息: æ­£å¨æ§æ¯åè®®å¤çå¨ ["ajp-bio-8009"]
九月 10, 2021 10:19:25 上午 org.apache.catalina.startup.ClassLoaderFactory validateFile
警告: Problem with directory [E:\gitrepo\tomcat7-vip\catalina-home\lib], exists: [false], isDirectory: [false], canRead: [false]
九月 10, 2021 10:19:25 上午 org.apache.catalina.startup.ClassLoaderFactory validateFile
警告: Problem with directory [E:\gitrepo\tomcat7-vip\catalina-home\lib], exists: [false], isDirectory: [false], canRead: [false]
九月 10, 2021 10:19:25 上午 org.apache.catalina.startup.ClassLoaderFactory validateFile
警告: Problem with directory [E:\gitrepo\tomcat7-vip\catalina-home\lib], exists: [false], isDirectory: [false], canRead: [false]
九月 10, 2021 10:19:25 上午 org.apache.catalina.startup.ClassLoaderFactory validateFile
警告: Problem with directory [E:\gitrepo\tomcat7-vip\catalina-home\lib], exists: [false], isDirectory: [false], canRead: [false]
九月 10, 2021 10:19:25 上午 org.apache.catalina.startup.Catalina initDirs
严重: Cannot find specified temporary folder at [catalina-home/temp]
九月 10, 2021 10:19:28 上午 org.apache.catalina.startup.VersionLoggerListener log
信息: Server.æå¡å¨çæ¬:        Apache Tomcat/@VERSION@
九月 10, 2021 10:19:28 上午 org.apache.catalina.startup.VersionLoggerListener log
信息: æå¡å¨æå»º:          @VERSION_BUILT@
九月 10, 2021 10:19:28 上午 org.apache.catalina.startup.VersionLoggerListener log
信息: Server version number: @VERSION_NUMBER@
九月 10, 2021 10:19:28 上午 org.apache.catalina.startup.VersionLoggerListener log
信息: OS Name:               Windows 10
九月 10, 2021 10:19:28 上午 org.apache.catalina.startup.VersionLoggerListener log
信息: OS.çæ¬:            10.0
九月 10, 2021 10:19:28 上午 org.apache.catalina.startup.VersionLoggerListener log
信息: æ¶æ:          x86
九月 10, 2021 10:19:28 上午 org.apache.catalina.startup.VersionLoggerListener log
信息: Java ç¯å¢åé:             D:\Program Files (x86)\Java\jdk1.8.0_261\jre
九月 10, 2021 10:19:28 上午 org.apache.catalina.startup.VersionLoggerListener log
信息: JVM çæ¬:           1.8.0_261-b12
九月 10, 2021 10:19:28 上午 org.apache.catalina.startup.VersionLoggerListener log
信息: JVM.ä¾åºå:            Oracle Corporation
九月 10, 2021 10:19:28 上午 org.apache.catalina.startup.VersionLoggerListener log
信息: CATALINA_BASE:         E:\gitrepo\tomcat7-vip\catalina-home
九月 10, 2021 10:19:28 上午 org.apache.catalina.startup.VersionLoggerListener log
信息: CATALINA_HOME:         E:\gitrepo\tomcat7-vip\catalina-home
九月 10, 2021 10:19:28 上午 org.apache.catalina.startup.VersionLoggerListener log
信息: Command line argument: -agentlib:jdwp=transport=dt_socket,address=127.0.0.1:15868,suspend=y,server=n
九月 10, 2021 10:19:28 上午 org.apache.catalina.startup.VersionLoggerListener log
信息: Command line argument: -Dcatalina.home=catalina-home
九月 10, 2021 10:19:28 上午 org.apache.catalina.startup.VersionLoggerListener log
信息: Command line argument: -Dcatalina.base=catalina-home
九月 10, 2021 10:19:28 上午 org.apache.catalina.startup.VersionLoggerListener log
信息: Command line argument: -Djava.endorsed.dirs=catalina-home/endorsed
九月 10, 2021 10:19:28 上午 org.apache.catalina.startup.VersionLoggerListener log
信息: Command line argument: -Djava.io.tmpdir=catalina-home/temp
九月 10, 2021 10:19:28 上午 org.apache.catalina.startup.VersionLoggerListener log
信息: Command line argument: -Djava.util.logging.manager=org.apache.juli.ClassLoaderLogManager
九月 10, 2021 10:19:28 上午 org.apache.catalina.startup.VersionLoggerListener log
信息: Command line argument: -Djava.util.logging.config.file=catalina-home/conf/logging.properties
九月 10, 2021 10:19:28 上午 org.apache.catalina.startup.VersionLoggerListener log
信息: Command line argument: -javaagent:C:\Users\ASUS\.IntelliJIdea2019.3\system\captureAgent\debugger-agent.jar
九月 10, 2021 10:19:28 上午 org.apache.catalina.startup.VersionLoggerListener log
信息: Command line argument: -Dfile.encoding=UTF-8
九月 10, 2021 10:19:28 上午 org.apache.catalina.core.AprLifecycleListener lifecycleEvent
信息: The APR based Apache Tomcat Native library which allows optimal performance in production environments was not found on the java.library.path: [D:\Program Files (x86)\Java\jdk1.8.0_261\bin;C:\WINDOWS\Sun\Java\bin;C:\WINDOWS\system32;C:\WINDOWS;D:\Program Files (x86)\VMware\VMware Workstation\bin\;c:\gtk\bin;D:\Program Files (x86)\Python37-32\Scripts\;D:\Program Files (x86)\Python37-32\;E:\app\ASUS\product\11.2.0\dbhome_3\bin;C:\Program Files (x86)\Intel\iCLS Client\;C:\Program Files\Intel\iCLS Client\;C:\Windows\system32;C:\Windows;C:\Windows\System32\Wbem;C:\Windows\System32\WindowsPowerShell\v1.0\;C:\Program Files (x86)\NVIDIA Corporation\PhysX\Common;C:\Program Files (x86)\Intel\Intel(R) Management Engine Components\DAL;C:\Program Files\Intel\Intel(R) Management Engine Components\DAL;C:\Program Files (x86)\Intel\Intel(R) Management Engine Components\IPT;C:\Program Files\Intel\Intel(R) Management Engine Components\IPT;C:\software\MySQL Server 5.5\bin;C:\WINDOWS\system32;C:\WINDOWS;C:\WINDOWS\System32\Wbem;C:\WINDOWS\System32\WindowsPowerShell\v1.0\;C:\Program Files\Microsoft SQL Server\120\DTS\Binn\;C:\Program Files\Microsoft SQL Server\Client SDK\ODBC\110\Tools\Binn\;C:\Program Files (x86)\Microsoft SQL Server\120\Tools\Binn\;C:\Program Files\Microsoft SQL Server\120\Tools\Binn\;C:\Program Files (x86)\Microsoft SQL Server\120\Tools\Binn\ManagementStudio\;C:\Program Files (x86)\Microsoft SQL Server\120\DTS\Binn\;D:\bigdata\findbugs-3.0.1\bin;D:\bigdata\protobuf-2.5.0\src;D:\bigdata\cmake-3.6.1-win64-x64\bin;D:\cygwin\bin;D:\bigdata\zlib;C:\Program Files (x86)\Windows Kits\8.1\Windows Performance Toolkit\;D:\bigdata\apache-ant-1.9.11\bin;D:\hadoop-2.6.5\bin;C:\WINDOWS\System32\OpenSSH\;C:\Users\ASUS\AppData\Local\Microsoft\WindowsApps;D:\Program Files\JetBrains\IntelliJ IDEA 2018.3\bin;C:\Program Files\NVIDIA Corporation\NVIDIA NvDLISR;C:\WINDOWS\system32;C:\WINDOWS;C:\WINDOWS\System32\Wbem;C:\WINDOWS\System32\WindowsPowerShell\v1.0\;C:\WINDOWS\System32\OpenSSH\;D:\Program Files\Git\cmd;D:\gradle-4.9\bin;D:\Java\jdk1.8.0_261\bin;D:\apache-maven-3.6.3-bin\bin;D:\Chrome\apache-ant-1.10.7-bin\bin;E:\Program Files (x86)\NetSarang\Xftp 7\;D:\Program Files (x86)\scala\bin;C:\Program Files\MySQL\MySQL Server 5.7\bin;D:\Program Files\nodejs\;D:\Program Files\Redis\;C:\Users\ASUS\AppData\Local\Microsoft\WindowsApps;D:\Program Files\JetBrains\IntelliJ IDEA 2019.1.4\bin;C:\Users\ASUS\AppData\Local\BypassRuntm;D:\Program Files\JetBrains\IntelliJ IDEA 2019.3.5\bin;;D:\Program Files\JetBrains\DataGrip 2020.3.1\bin;;C:\Users\ASUS\AppData\Local\Microsoft\WindowsApps;C:\Users\ASUS\AppData\Roaming\npm;D:\Program Files\JetBrains\PyCharm 2021.1.1\bin;;.]
九月 10, 2021 10:19:32 上午 org.apache.coyote.AbstractProtocol init
信息: åå§ååè®®å¤çå¨ ["http-bio-8080"]
九月 10, 2021 10:19:32 上午 org.apache.coyote.AbstractProtocol init
信息: åå§ååè®®å¤çå¨ ["ajp-bio-8009"]
九月 10, 2021 10:19:32 上午 org.apache.catalina.startup.Catalina load
信息: Initialization processed in 6730 ms
九月 10, 2021 10:19:32 上午 org.apache.catalina.core.StandardService startInternal
信息: Starting service [Catalina]
九月 10, 2021 10:19:32 上午 org.apache.catalina.core.StandardEngine startInternal
信息: Starting Servlet Engine: Apache Tomcat/@VERSION@
九月 10, 2021 10:19:32 上午 org.apache.catalina.startup.HostConfig deployDescriptor
信息: Deploying deployment descriptor [E:\gitrepo\tomcat7-vip\catalina-home\conf\Catalina\localhost\Hello##2.xml]
九月 10, 2021 10:19:41 上午 org.apache.catalina.startup.TldConfig execute
信息: At least one JAR was scanned for TLDs yet contained no TLDs. Enable debug logging for this logger for a complete list of JARs that were scanned but no TLDs were found in them. Skipping unneeded JARs during scanning can improve startup time and JSP compilation time.
九月 10, 2021 10:19:42 上午 org.apache.catalina.util.SessionIdGeneratorBase createSecureRandom
警告: Creation of SecureRandom instance for session ID generation using [SHA1PRNG] took [668] milliseconds.
九月 10, 2021 10:19:42 上午 org.apache.catalina.startup.HostConfig deployDescriptor
信息: Deployment of deployment descriptor [E:\gitrepo\tomcat7-vip\catalina-home\conf\Catalina\localhost\Hello##2.xml] has finished in [9,788] ms
九月 10, 2021 10:19:42 上午 org.apache.catalina.startup.HostConfig deployDescriptor
信息: Deploying deployment descriptor [E:\gitrepo\tomcat7-vip\catalina-home\conf\Catalina\localhost\Hello##3.xml]
九月 10, 2021 10:19:44 上午 org.apache.catalina.startup.TldConfig execute
信息: At least one JAR was scanned for TLDs yet contained no TLDs. Enable debug logging for this logger for a complete list of JARs that were scanned but no TLDs were found in them. Skipping unneeded JARs during scanning can improve startup time and JSP compilation time.
九月 10, 2021 10:19:44 上午 org.apache.catalina.startup.HostConfig deployDescriptor
信息: Deployment of deployment descriptor [E:\gitrepo\tomcat7-vip\catalina-home\conf\Catalina\localhost\Hello##3.xml] has finished in [1,300] ms
九月 10, 2021 10:19:44 上午 org.apache.catalina.startup.HostConfig deployWAR
信息: Deploying web application archive [E:\gitrepo\tomcat7-vip\catalina-home\webapps\demo-servlet.war]
九月 10, 2021 10:19:45 上午 org.apache.catalina.startup.TldConfig execute
信息: At least one JAR was scanned for TLDs yet contained no TLDs. Enable debug logging for this logger for a complete list of JARs that were scanned but no TLDs were found in them. Skipping unneeded JARs during scanning can improve startup time and JSP compilation time.
九月 10, 2021 10:19:45 上午 org.apache.catalina.startup.HostConfig deployWAR
信息: Deployment of web application archive [E:\gitrepo\tomcat7-vip\catalina-home\webapps\demo-servlet.war] has finished in [1,363] ms
九月 10, 2021 10:19:45 上午 org.apache.catalina.startup.HostConfig deployDirectory
信息: æweb åºç¨ç¨åºé¨ç½²å°ç®å½ [E:\gitrepo\tomcat7-vip\catalina-home\webapps\docs]
九月 10, 2021 10:19:45 上午 org.apache.catalina.startup.TldConfig execute
信息: At least one JAR was scanned for TLDs yet contained no TLDs. Enable debug logging for this logger for a complete list of JARs that were scanned but no TLDs were found in them. Skipping unneeded JARs during scanning can improve startup time and JSP compilation time.
九月 10, 2021 10:19:45 上午 org.apache.catalina.startup.HostConfig deployDirectory
信息: Deployment of web application directory [E:\gitrepo\tomcat7-vip\catalina-home\webapps\docs] has finished in [138] ms
九月 10, 2021 10:19:45 上午 org.apache.catalina.startup.HostConfig deployDirectory
信息: æweb åºç¨ç¨åºé¨ç½²å°ç®å½ [E:\gitrepo\tomcat7-vip\catalina-home\webapps\examples]
九月 10, 2021 10:19:45 上午 org.apache.catalina.startup.TldConfig execute
信息: At least one JAR was scanned for TLDs yet contained no TLDs. Enable debug logging for this logger for a complete list of JARs that were scanned but no TLDs were found in them. Skipping unneeded JARs during scanning can improve startup time and JSP compilation time.
九月 10, 2021 10:19:46 上午 org.apache.catalina.core.StandardContext startInternal
严重: One or more listeners failed to start. Full details will be found in the appropriate container log file
九月 10, 2021 10:19:46 上午 org.apache.catalina.core.StandardContext startInternal
严重: Context [/examples] startup failed due to previous errors
九月 10, 2021 10:19:46 上午 org.apache.catalina.startup.HostConfig deployDirectory
信息: Deployment of web application directory [E:\gitrepo\tomcat7-vip\catalina-home\webapps\examples] has finished in [367] ms
九月 10, 2021 10:19:46 上午 org.apache.catalina.startup.HostConfig deployDirectory
信息: æweb åºç¨ç¨åºé¨ç½²å°ç®å½ [E:\gitrepo\tomcat7-vip\catalina-home\webapps\host-manager]
九月 10, 2021 10:19:46 上午 org.apache.catalina.startup.TldConfig execute
信息: At least one JAR was scanned for TLDs yet contained no TLDs. Enable debug logging for this logger for a complete list of JARs that were scanned but no TLDs were found in them. Skipping unneeded JARs during scanning can improve startup time and JSP compilation time.
九月 10, 2021 10:19:46 上午 org.apache.catalina.startup.HostConfig deployDirectory
信息: Deployment of web application directory [E:\gitrepo\tomcat7-vip\catalina-home\webapps\host-manager] has finished in [286] ms
九月 10, 2021 10:19:46 上午 org.apache.catalina.startup.HostConfig deployDirectory
信息: æweb åºç¨ç¨åºé¨ç½²å°ç®å½ [E:\gitrepo\tomcat7-vip\catalina-home\webapps\manager]
九月 10, 2021 10:19:46 上午 org.apache.catalina.startup.TldConfig execute
信息: At least one JAR was scanned for TLDs yet contained no TLDs. Enable debug logging for this logger for a complete list of JARs that were scanned but no TLDs were found in them. Skipping unneeded JARs during scanning can improve startup time and JSP compilation time.
九月 10, 2021 10:19:46 上午 org.apache.catalina.startup.HostConfig deployDirectory
信息: Deployment of web application directory [E:\gitrepo\tomcat7-vip\catalina-home\webapps\manager] has finished in [185] ms
九月 10, 2021 10:19:46 上午 org.apache.catalina.startup.HostConfig deployDirectory
信息: æweb åºç¨ç¨åºé¨ç½²å°ç®å½ [E:\gitrepo\tomcat7-vip\catalina-home\webapps\ROOT]
九月 10, 2021 10:19:46 上午 org.apache.catalina.startup.TldConfig execute
信息: At least one JAR was scanned for TLDs yet contained no TLDs. Enable debug logging for this logger for a complete list of JARs that were scanned but no TLDs were found in them. Skipping unneeded JARs during scanning can improve startup time and JSP compilation time.
九月 10, 2021 10:19:46 上午 org.apache.catalina.startup.HostConfig deployDirectory
信息: Deployment of web application directory [E:\gitrepo\tomcat7-vip\catalina-home\webapps\ROOT] has finished in [150] ms
九月 10, 2021 10:19:46 上午 org.apache.coyote.AbstractProtocol start
信息: å¼å§åè®®å¤çå¥æ["http-bio-8080"]
九月 10, 2021 10:20:11 上午 org.apache.coyote.AbstractProtocol start
信息: å¼å§åè®®å¤çå¥æ["ajp-bio-8009"]
九月 10, 2021 10:20:12 上午 org.apache.catalina.startup.Catalina start
信息: Server startup in 40282 ms
九月 10, 2021 10:22:27 上午 org.apache.coyote.AbstractProtocol pause
信息: Pausing ProtocolHandler ["http-bio-8080"]
九月 10, 2021 10:22:27 上午 org.apache.coyote.AbstractProtocol pause
信息: Pausing ProtocolHandler ["ajp-bio-8009"]
九月 10, 2021 10:22:27 上午 org.apache.catalina.core.StandardService stopInternal
信息: Stopping service [Catalina]
九月 10, 2021 10:22:27 上午 org.apache.coyote.AbstractProtocol stop
信息: Stopping ProtocolHandler ["http-bio-8080"]
九月 10, 2021 10:22:27 上午 org.apache.coyote.AbstractProtocol stop
信息: Stopping ProtocolHandler ["ajp-bio-8009"]
九月 10, 2021 10:22:27 上午 org.apache.coyote.AbstractProtocol destroy
信息: æ­£å¨æ§æ¯åè®®å¤çå¨ ["http-bio-8080"]
九月 10, 2021 10:22:27 上午 org.apache.coyote.AbstractProtocol destroy
信息: æ­£å¨æ§æ¯åè®®å¤çå¨ ["ajp-bio-8009"]
九月 10, 2021 10:22:29 上午 org.apache.catalina.startup.ClassLoaderFactory validateFile
警告: Problem with directory [E:\gitrepo\tomcat7-vip\catalina-home\lib], exists: [false], isDirectory: [false], canRead: [false]
九月 10, 2021 10:22:29 上午 org.apache.catalina.startup.ClassLoaderFactory validateFile
警告: Problem with directory [E:\gitrepo\tomcat7-vip\catalina-home\lib], exists: [false], isDirectory: [false], canRead: [false]
九月 10, 2021 10:22:29 上午 org.apache.catalina.startup.ClassLoaderFactory validateFile
警告: Problem with directory [E:\gitrepo\tomcat7-vip\catalina-home\lib], exists: [false], isDirectory: [false], canRead: [false]
九月 10, 2021 10:22:29 上午 org.apache.catalina.startup.ClassLoaderFactory validateFile
警告: Problem with directory [E:\gitrepo\tomcat7-vip\catalina-home\lib], exists: [false], isDirectory: [false], canRead: [false]
九月 10, 2021 10:22:29 上午 org.apache.catalina.startup.Catalina initDirs
严重: Cannot find specified temporary folder at [catalina-home/temp]
九月 10, 2021 10:22:30 上午 org.apache.catalina.startup.VersionLoggerListener log
信息: Server.æå¡å¨çæ¬:        Apache Tomcat/@VERSION@
九月 10, 2021 10:22:30 上午 org.apache.catalina.startup.VersionLoggerListener log
信息: æå¡å¨æå»º:          @VERSION_BUILT@
九月 10, 2021 10:22:30 上午 org.apache.catalina.startup.VersionLoggerListener log
信息: Server version number: @VERSION_NUMBER@
九月 10, 2021 10:22:30 上午 org.apache.catalina.startup.VersionLoggerListener log
信息: OS Name:               Windows 10
九月 10, 2021 10:22:30 上午 org.apache.catalina.startup.VersionLoggerListener log
信息: OS.çæ¬:            10.0
九月 10, 2021 10:22:30 上午 org.apache.catalina.startup.VersionLoggerListener log
信息: æ¶æ:          x86
九月 10, 2021 10:22:30 上午 org.apache.catalina.startup.VersionLoggerListener log
信息: Java ç¯å¢åé:             D:\Program Files (x86)\Java\jdk1.8.0_261\jre
九月 10, 2021 10:22:30 上午 org.apache.catalina.startup.VersionLoggerListener log
信息: JVM çæ¬:           1.8.0_261-b12
九月 10, 2021 10:22:30 上午 org.apache.catalina.startup.VersionLoggerListener log
信息: JVM.ä¾åºå:            Oracle Corporation
九月 10, 2021 10:22:30 上午 org.apache.catalina.startup.VersionLoggerListener log
信息: CATALINA_BASE:         E:\gitrepo\tomcat7-vip\catalina-home
九月 10, 2021 10:22:30 上午 org.apache.catalina.startup.VersionLoggerListener log
信息: CATALINA_HOME:         E:\gitrepo\tomcat7-vip\catalina-home
九月 10, 2021 10:22:30 上午 org.apache.catalina.startup.VersionLoggerListener log
信息: Command line argument: -agentlib:jdwp=transport=dt_socket,address=127.0.0.1:25182,suspend=y,server=n
九月 10, 2021 10:22:30 上午 org.apache.catalina.startup.VersionLoggerListener log
信息: Command line argument: -Dcatalina.home=catalina-home
九月 10, 2021 10:22:30 上午 org.apache.catalina.startup.VersionLoggerListener log
信息: Command line argument: -Dcatalina.base=catalina-home
九月 10, 2021 10:22:30 上午 org.apache.catalina.startup.VersionLoggerListener log
信息: Command line argument: -Djava.endorsed.dirs=catalina-home/endorsed
九月 10, 2021 10:22:30 上午 org.apache.catalina.startup.VersionLoggerListener log
信息: Command line argument: -Djava.io.tmpdir=catalina-home/temp
九月 10, 2021 10:22:30 上午 org.apache.catalina.startup.VersionLoggerListener log
信息: Command line argument: -Djava.util.logging.manager=org.apache.juli.ClassLoaderLogManager
九月 10, 2021 10:22:30 上午 org.apache.catalina.startup.VersionLoggerListener log
信息: Command line argument: -Djava.util.logging.config.file=catalina-home/conf/logging.properties
九月 10, 2021 10:22:30 上午 org.apache.catalina.startup.VersionLoggerListener log
信息: Command line argument: -javaagent:C:\Users\ASUS\.IntelliJIdea2019.3\system\captureAgent\debugger-agent.jar
九月 10, 2021 10:22:30 上午 org.apache.catalina.startup.VersionLoggerListener log
信息: Command line argument: -Dfile.encoding=UTF-8
九月 10, 2021 10:22:30 上午 org.apache.catalina.core.AprLifecycleListener lifecycleEvent
信息: The APR based Apache Tomcat Native library which allows optimal performance in production environments was not found on the java.library.path: [D:\Program Files (x86)\Java\jdk1.8.0_261\bin;C:\WINDOWS\Sun\Java\bin;C:\WINDOWS\system32;C:\WINDOWS;D:\Program Files (x86)\VMware\VMware Workstation\bin\;c:\gtk\bin;D:\Program Files (x86)\Python37-32\Scripts\;D:\Program Files (x86)\Python37-32\;E:\app\ASUS\product\11.2.0\dbhome_3\bin;C:\Program Files (x86)\Intel\iCLS Client\;C:\Program Files\Intel\iCLS Client\;C:\Windows\system32;C:\Windows;C:\Windows\System32\Wbem;C:\Windows\System32\WindowsPowerShell\v1.0\;C:\Program Files (x86)\NVIDIA Corporation\PhysX\Common;C:\Program Files (x86)\Intel\Intel(R) Management Engine Components\DAL;C:\Program Files\Intel\Intel(R) Management Engine Components\DAL;C:\Program Files (x86)\Intel\Intel(R) Management Engine Components\IPT;C:\Program Files\Intel\Intel(R) Management Engine Components\IPT;C:\software\MySQL Server 5.5\bin;C:\WINDOWS\system32;C:\WINDOWS;C:\WINDOWS\System32\Wbem;C:\WINDOWS\System32\WindowsPowerShell\v1.0\;C:\Program Files\Microsoft SQL Server\120\DTS\Binn\;C:\Program Files\Microsoft SQL Server\Client SDK\ODBC\110\Tools\Binn\;C:\Program Files (x86)\Microsoft SQL Server\120\Tools\Binn\;C:\Program Files\Microsoft SQL Server\120\Tools\Binn\;C:\Program Files (x86)\Microsoft SQL Server\120\Tools\Binn\ManagementStudio\;C:\Program Files (x86)\Microsoft SQL Server\120\DTS\Binn\;D:\bigdata\findbugs-3.0.1\bin;D:\bigdata\protobuf-2.5.0\src;D:\bigdata\cmake-3.6.1-win64-x64\bin;D:\cygwin\bin;D:\bigdata\zlib;C:\Program Files (x86)\Windows Kits\8.1\Windows Performance Toolkit\;D:\bigdata\apache-ant-1.9.11\bin;D:\hadoop-2.6.5\bin;C:\WINDOWS\System32\OpenSSH\;C:\Users\ASUS\AppData\Local\Microsoft\WindowsApps;D:\Program Files\JetBrains\IntelliJ IDEA 2018.3\bin;C:\Program Files\NVIDIA Corporation\NVIDIA NvDLISR;C:\WINDOWS\system32;C:\WINDOWS;C:\WINDOWS\System32\Wbem;C:\WINDOWS\System32\WindowsPowerShell\v1.0\;C:\WINDOWS\System32\OpenSSH\;D:\Program Files\Git\cmd;D:\gradle-4.9\bin;D:\Java\jdk1.8.0_261\bin;D:\apache-maven-3.6.3-bin\bin;D:\Chrome\apache-ant-1.10.7-bin\bin;E:\Program Files (x86)\NetSarang\Xftp 7\;D:\Program Files (x86)\scala\bin;C:\Program Files\MySQL\MySQL Server 5.7\bin;D:\Program Files\nodejs\;D:\Program Files\Redis\;C:\Users\ASUS\AppData\Local\Microsoft\WindowsApps;D:\Program Files\JetBrains\IntelliJ IDEA 2019.1.4\bin;C:\Users\ASUS\AppData\Local\BypassRuntm;D:\Program Files\JetBrains\IntelliJ IDEA 2019.3.5\bin;;D:\Program Files\JetBrains\DataGrip 2020.3.1\bin;;C:\Users\ASUS\AppData\Local\Microsoft\WindowsApps;C:\Users\ASUS\AppData\Roaming\npm;D:\Program Files\JetBrains\PyCharm 2021.1.1\bin;;.]
九月 10, 2021 10:22:30 上午 org.apache.coyote.AbstractProtocol init
信息: åå§ååè®®å¤çå¨ ["http-bio-8080"]
九月 10, 2021 10:22:30 上午 org.apache.coyote.AbstractProtocol init
信息: åå§ååè®®å¤çå¨ ["ajp-bio-8009"]
九月 10, 2021 10:22:30 上午 org.apache.catalina.startup.Catalina load
信息: Initialization processed in 869 ms
九月 10, 2021 10:22:30 上午 org.apache.catalina.core.StandardService startInternal
信息: Starting service [Catalina]
九月 10, 2021 10:22:30 上午 org.apache.catalina.core.StandardEngine startInternal
信息: Starting Servlet Engine: Apache Tomcat/@VERSION@
九月 10, 2021 10:22:30 上午 org.apache.catalina.startup.HostConfig deployDescriptor
信息: Deploying deployment descriptor [E:\gitrepo\tomcat7-vip\catalina-home\conf\Catalina\localhost\Hello##2.xml]
九月 10, 2021 10:22:32 上午 org.apache.catalina.startup.TldConfig execute
信息: At least one JAR was scanned for TLDs yet contained no TLDs. Enable debug logging for this logger for a complete list of JARs that were scanned but no TLDs were found in them. Skipping unneeded JARs during scanning can improve startup time and JSP compilation time.
九月 10, 2021 10:22:32 上午 org.apache.catalina.util.SessionIdGeneratorBase createSecureRandom
警告: Creation of SecureRandom instance for session ID generation using [SHA1PRNG] took [661] milliseconds.
九月 10, 2021 10:22:32 上午 org.apache.catalina.startup.HostConfig deployDescriptor
信息: Deployment of deployment descriptor [E:\gitrepo\tomcat7-vip\catalina-home\conf\Catalina\localhost\Hello##2.xml] has finished in [2,376] ms
九月 10, 2021 10:22:32 上午 org.apache.catalina.startup.HostConfig deployDescriptor
信息: Deploying deployment descriptor [E:\gitrepo\tomcat7-vip\catalina-home\conf\Catalina\localhost\Hello##3.xml]
九月 10, 2021 10:22:34 上午 org.apache.catalina.startup.TldConfig execute
信息: At least one JAR was scanned for TLDs yet contained no TLDs. Enable debug logging for this logger for a complete list of JARs that were scanned but no TLDs were found in them. Skipping unneeded JARs during scanning can improve startup time and JSP compilation time.
九月 10, 2021 10:22:34 上午 org.apache.catalina.startup.HostConfig deployDescriptor
信息: Deployment of deployment descriptor [E:\gitrepo\tomcat7-vip\catalina-home\conf\Catalina\localhost\Hello##3.xml] has finished in [1,316] ms
九月 10, 2021 10:22:34 上午 org.apache.catalina.startup.HostConfig deployWAR
信息: Deploying web application archive [E:\gitrepo\tomcat7-vip\catalina-home\webapps\demo-servlet.war]
九月 10, 2021 10:22:35 上午 org.apache.catalina.startup.TldConfig execute
信息: At least one JAR was scanned for TLDs yet contained no TLDs. Enable debug logging for this logger for a complete list of JARs that were scanned but no TLDs were found in them. Skipping unneeded JARs during scanning can improve startup time and JSP compilation time.
九月 10, 2021 10:22:35 上午 org.apache.catalina.startup.HostConfig deployWAR
信息: Deployment of web application archive [E:\gitrepo\tomcat7-vip\catalina-home\webapps\demo-servlet.war] has finished in [1,189] ms
九月 10, 2021 10:22:35 上午 org.apache.catalina.startup.HostConfig deployDirectory
信息: æweb åºç¨ç¨åºé¨ç½²å°ç®å½ [E:\gitrepo\tomcat7-vip\catalina-home\webapps\docs]
九月 10, 2021 10:22:35 上午 org.apache.catalina.startup.TldConfig execute
信息: At least one JAR was scanned for TLDs yet contained no TLDs. Enable debug logging for this logger for a complete list of JARs that were scanned but no TLDs were found in them. Skipping unneeded JARs during scanning can improve startup time and JSP compilation time.
九月 10, 2021 10:22:35 上午 org.apache.catalina.startup.HostConfig deployDirectory
信息: Deployment of web application directory [E:\gitrepo\tomcat7-vip\catalina-home\webapps\docs] has finished in [94] ms
九月 10, 2021 10:22:35 上午 org.apache.catalina.startup.HostConfig deployDirectory
信息: æweb åºç¨ç¨åºé¨ç½²å°ç®å½ [E:\gitrepo\tomcat7-vip\catalina-home\webapps\examples]
九月 10, 2021 10:22:35 上午 org.apache.catalina.startup.TldConfig execute
信息: At least one JAR was scanned for TLDs yet contained no TLDs. Enable debug logging for this logger for a complete list of JARs that were scanned but no TLDs were found in them. Skipping unneeded JARs during scanning can improve startup time and JSP compilation time.
九月 10, 2021 10:22:35 上午 org.apache.catalina.core.StandardContext startInternal
严重: One or more listeners failed to start. Full details will be found in the appropriate container log file
九月 10, 2021 10:22:35 上午 org.apache.catalina.core.StandardContext startInternal
严重: Context [/examples] startup failed due to previous errors
九月 10, 2021 10:22:35 上午 org.apache.catalina.startup.HostConfig deployDirectory
信息: Deployment of web application directory [E:\gitrepo\tomcat7-vip\catalina-home\webapps\examples] has finished in [158] ms
九月 10, 2021 10:22:35 上午 org.apache.catalina.startup.HostConfig deployDirectory
信息: æweb åºç¨ç¨åºé¨ç½²å°ç®å½ [E:\gitrepo\tomcat7-vip\catalina-home\webapps\host-manager]
九月 10, 2021 10:22:35 上午 org.apache.catalina.startup.TldConfig execute
信息: At least one JAR was scanned for TLDs yet contained no TLDs. Enable debug logging for this logger for a complete list of JARs that were scanned but no TLDs were found in them. Skipping unneeded JARs during scanning can improve startup time and JSP compilation time.
九月 10, 2021 10:22:35 上午 org.apache.catalina.startup.HostConfig deployDirectory
信息: Deployment of web application directory [E:\gitrepo\tomcat7-vip\catalina-home\webapps\host-manager] has finished in [94] ms
九月 10, 2021 10:22:35 上午 org.apache.catalina.startup.HostConfig deployDirectory
信息: æweb åºç¨ç¨åºé¨ç½²å°ç®å½ [E:\gitrepo\tomcat7-vip\catalina-home\webapps\manager]
九月 10, 2021 10:22:35 上午 org.apache.catalina.startup.TldConfig execute
信息: At least one JAR was scanned for TLDs yet contained no TLDs. Enable debug logging for this logger for a complete list of JARs that were scanned but no TLDs were found in them. Skipping unneeded JARs during scanning can improve startup time and JSP compilation time.
九月 10, 2021 10:22:35 上午 org.apache.catalina.startup.HostConfig deployDirectory
信息: Deployment of web application directory [E:\gitrepo\tomcat7-vip\catalina-home\webapps\manager] has finished in [86] ms
九月 10, 2021 10:22:35 上午 org.apache.catalina.startup.HostConfig deployDirectory
信息: æweb åºç¨ç¨åºé¨ç½²å°ç®å½ [E:\gitrepo\tomcat7-vip\catalina-home\webapps\ROOT]
九月 10, 2021 10:22:35 上午 org.apache.catalina.startup.TldConfig execute
信息: At least one JAR was scanned for TLDs yet contained no TLDs. Enable debug logging for this logger for a complete list of JARs that were scanned but no TLDs were found in them. Skipping unneeded JARs during scanning can improve startup time and JSP compilation time.
九月 10, 2021 10:22:35 上午 org.apache.catalina.startup.HostConfig deployDirectory
信息: Deployment of web application directory [E:\gitrepo\tomcat7-vip\catalina-home\webapps\ROOT] has finished in [83] ms
九月 10, 2021 10:22:35 上午 org.apache.coyote.AbstractProtocol start
信息: å¼å§åè®®å¤çå¥æ["http-bio-8080"]
九月 10, 2021 10:22:35 上午 org.apache.coyote.AbstractProtocol start
信息: å¼å§åè®®å¤çå¥æ["ajp-bio-8009"]
九月 10, 2021 10:22:35 上午 org.apache.catalina.startup.Catalina start
信息: Server startup in 5490 ms
九月 10, 2021 10:34:30 上午 org.apache.coyote.AbstractProtocol pause
信息: Pausing ProtocolHandler ["http-bio-8080"]
九月 10, 2021 10:34:30 上午 org.apache.coyote.AbstractProtocol pause
信息: Pausing ProtocolHandler ["ajp-bio-8009"]
九月 10, 2021 10:34:30 上午 org.apache.catalina.core.StandardService stopInternal
信息: Stopping service [Catalina]
九月 10, 2021 10:34:30 上午 org.apache.coyote.AbstractProtocol stop
信息: Stopping ProtocolHandler ["http-bio-8080"]
九月 10, 2021 10:34:30 上午 org.apache.coyote.AbstractProtocol stop
信息: Stopping ProtocolHandler ["ajp-bio-8009"]
九月 10, 2021 10:34:30 上午 org.apache.coyote.AbstractProtocol destroy
信息: æ­£å¨æ§æ¯åè®®å¤çå¨ ["http-bio-8080"]
九月 10, 2021 10:34:30 上午 org.apache.coyote.AbstractProtocol destroy
信息: æ­£å¨æ§æ¯åè®®å¤çå¨ ["ajp-bio-8009"]
