Apr 13, 2021 10:40:07 PM org.apache.catalina.startup.VersionLoggerListener log
INFO: Server version name:   Apache Tomcat/@VERSION@
Apr 13, 2021 10:40:07 PM org.apache.catalina.startup.VersionLoggerListener log
INFO: Server built:          @VERSION_BUILT@
Apr 13, 2021 10:40:07 PM org.apache.catalina.startup.VersionLoggerListener log
INFO: Server version number: @VERSION_NUMBER@
Apr 13, 2021 10:40:07 PM org.apache.catalina.startup.VersionLoggerListener log
INFO: OS Name:               Mac OS X
Apr 13, 2021 10:40:07 PM org.apache.catalina.startup.VersionLoggerListener log
INFO: OS Version:            10.16
Apr 13, 2021 10:40:07 PM org.apache.catalina.startup.VersionLoggerListener log
INFO: Architecture:          x86_64
Apr 13, 2021 10:40:07 PM org.apache.catalina.startup.VersionLoggerListener log
INFO: Java Home:             /Library/Java/JavaVirtualMachines/jdk1.8.0_271.jdk/Contents/Home/jre
Apr 13, 2021 10:40:07 PM org.apache.catalina.startup.VersionLoggerListener log
INFO: JVM Version:           1.8.0_271-b09
Apr 13, 2021 10:40:07 PM org.apache.catalina.startup.VersionLoggerListener log
INFO: JVM Vendor:            Oracle Corporation
Apr 13, 2021 10:40:07 PM org.apache.catalina.startup.VersionLoggerListener log
INFO: CATALINA_BASE:         /Users/sirzheng/king/repo/tomcat7-vip/catalina-home
Apr 13, 2021 10:40:07 PM org.apache.catalina.startup.VersionLoggerListener log
INFO: CATALINA_HOME:         /Users/sirzheng/king/repo/tomcat7-vip/catalina-home
Apr 13, 2021 10:40:07 PM org.apache.catalina.startup.VersionLoggerListener log
INFO: Command line argument: -agentlib:jdwp=transport=dt_socket,address=127.0.0.1:52508,suspend=y,server=n
Apr 13, 2021 10:40:07 PM org.apache.catalina.startup.VersionLoggerListener log
INFO: Command line argument: -Dcatalina.home=catalina-home
Apr 13, 2021 10:40:07 PM org.apache.catalina.startup.VersionLoggerListener log
INFO: Command line argument: -Dcatalina.base=catalina-home
Apr 13, 2021 10:40:07 PM org.apache.catalina.startup.VersionLoggerListener log
INFO: Command line argument: -Djava.endorsed.dirs=catalina-home/endorsed
Apr 13, 2021 10:40:07 PM org.apache.catalina.startup.VersionLoggerListener log
INFO: Command line argument: -Djava.io.tmpdir=catalina-home/temp
Apr 13, 2021 10:40:07 PM org.apache.catalina.startup.VersionLoggerListener log
INFO: Command line argument: -Djava.util.logging.manager=org.apache.juli.ClassLoaderLogManager
Apr 13, 2021 10:40:07 PM org.apache.catalina.startup.VersionLoggerListener log
INFO: Command line argument: -Djava.util.logging.config.file=catalina-home/conf/logging.properties
Apr 13, 2021 10:40:07 PM org.apache.catalina.startup.VersionLoggerListener log
INFO: Command line argument: -Duser.language=
Apr 13, 2021 10:40:07 PM org.apache.catalina.startup.VersionLoggerListener log
INFO: Command line argument: -javaagent:/Users/sirzheng/Library/Caches/JetBrains/IntelliJIdea2020.3/captureAgent/debugger-agent.jar
Apr 13, 2021 10:40:07 PM org.apache.catalina.startup.VersionLoggerListener log
INFO: Command line argument: -Dfile.encoding=UTF-8
Apr 13, 2021 10:40:07 PM org.apache.catalina.core.AprLifecycleListener lifecycleEvent
INFO: The APR based Apache Tomcat Native library which allows optimal performance in production environments was not found on the java.library.path: [/Users/sirzheng/Library/Java/Extensions:/Library/Java/Extensions:/Network/Library/Java/Extensions:/System/Library/Java/Extensions:/usr/lib/java:.]
Apr 13, 2021 10:40:08 PM org.apache.coyote.AbstractProtocol init
INFO: Initializing ProtocolHandler ["http-bio-8080"]
Apr 13, 2021 10:40:08 PM org.apache.coyote.AbstractProtocol init
INFO: Initializing ProtocolHandler ["ajp-bio-8009"]
Apr 13, 2021 10:40:08 PM org.apache.catalina.startup.Catalina load
INFO: Initialization processed in 996 ms
Apr 13, 2021 10:40:08 PM org.apache.catalina.core.StandardService startInternal
INFO: Starting service [Catalina]
Apr 13, 2021 10:40:08 PM org.apache.catalina.core.StandardEngine startInternal
INFO: Starting Servlet Engine: Apache Tomcat/@VERSION@
Apr 13, 2021 10:40:08 PM org.apache.catalina.startup.HostConfig deployDescriptor
INFO: Deploying deployment descriptor [/Users/sirzheng/king/repo/tomcat7-vip/catalina-home/conf/Catalina/localhost/Hello##2.xml]
Apr 13, 2021 10:40:10 PM org.apache.catalina.startup.TldConfig execute
INFO: At least one JAR was scanned for TLDs yet contained no TLDs. Enable debug logging for this logger for a complete list of JARs that were scanned but no TLDs were found in them. Skipping unneeded JARs during scanning can improve startup time and JSP compilation time.
Apr 13, 2021 10:40:10 PM org.apache.catalina.startup.HostConfig deployDescriptor
INFO: Deployment of deployment descriptor [/Users/sirzheng/king/repo/tomcat7-vip/catalina-home/conf/Catalina/localhost/Hello##2.xml] has finished in [1,893] ms
Apr 13, 2021 10:40:10 PM org.apache.catalina.startup.HostConfig deployDescriptor
INFO: Deploying deployment descriptor [/Users/sirzheng/king/repo/tomcat7-vip/catalina-home/conf/Catalina/localhost/Hello##3.xml]
Apr 13, 2021 10:40:11 PM org.apache.catalina.startup.TldConfig execute
INFO: At least one JAR was scanned for TLDs yet contained no TLDs. Enable debug logging for this logger for a complete list of JARs that were scanned but no TLDs were found in them. Skipping unneeded JARs during scanning can improve startup time and JSP compilation time.
Apr 13, 2021 10:40:11 PM org.apache.catalina.startup.HostConfig deployDescriptor
INFO: Deployment of deployment descriptor [/Users/sirzheng/king/repo/tomcat7-vip/catalina-home/conf/Catalina/localhost/Hello##3.xml] has finished in [1,051] ms
Apr 13, 2021 10:40:11 PM org.apache.catalina.startup.HostConfig deployWAR
INFO: Deploying web application archive [/Users/sirzheng/king/repo/tomcat7-vip/catalina-home/webapps/demo-servlet.war]
Apr 13, 2021 10:40:12 PM org.apache.catalina.startup.TldConfig execute
INFO: At least one JAR was scanned for TLDs yet contained no TLDs. Enable debug logging for this logger for a complete list of JARs that were scanned but no TLDs were found in them. Skipping unneeded JARs during scanning can improve startup time and JSP compilation time.
Apr 13, 2021 10:40:12 PM org.apache.catalina.startup.HostConfig deployWAR
INFO: Deployment of web application archive [/Users/sirzheng/king/repo/tomcat7-vip/catalina-home/webapps/demo-servlet.war] has finished in [816] ms
Apr 13, 2021 10:40:12 PM org.apache.catalina.startup.HostConfig deployDirectory
INFO: Deploying web application directory [/Users/sirzheng/king/repo/tomcat7-vip/catalina-home/webapps/docs]
Apr 13, 2021 10:40:12 PM org.apache.catalina.startup.TldConfig execute
INFO: At least one JAR was scanned for TLDs yet contained no TLDs. Enable debug logging for this logger for a complete list of JARs that were scanned but no TLDs were found in them. Skipping unneeded JARs during scanning can improve startup time and JSP compilation time.
Apr 13, 2021 10:40:12 PM org.apache.catalina.startup.HostConfig deployDirectory
INFO: Deployment of web application directory [/Users/sirzheng/king/repo/tomcat7-vip/catalina-home/webapps/docs] has finished in [148] ms
Apr 13, 2021 10:40:12 PM org.apache.catalina.startup.HostConfig deployDirectory
INFO: Deploying web application directory [/Users/sirzheng/king/repo/tomcat7-vip/catalina-home/webapps/manager]
Apr 13, 2021 10:40:12 PM org.apache.catalina.startup.TldConfig execute
INFO: At least one JAR was scanned for TLDs yet contained no TLDs. Enable debug logging for this logger for a complete list of JARs that were scanned but no TLDs were found in them. Skipping unneeded JARs during scanning can improve startup time and JSP compilation time.
Apr 13, 2021 10:40:12 PM org.apache.catalina.startup.HostConfig deployDirectory
INFO: Deployment of web application directory [/Users/sirzheng/king/repo/tomcat7-vip/catalina-home/webapps/manager] has finished in [129] ms
Apr 13, 2021 10:40:12 PM org.apache.catalina.startup.HostConfig deployDirectory
INFO: Deploying web application directory [/Users/sirzheng/king/repo/tomcat7-vip/catalina-home/webapps/examples]
Apr 13, 2021 10:40:12 PM org.apache.catalina.startup.TldConfig execute
INFO: At least one JAR was scanned for TLDs yet contained no TLDs. Enable debug logging for this logger for a complete list of JARs that were scanned but no TLDs were found in them. Skipping unneeded JARs during scanning can improve startup time and JSP compilation time.
Apr 13, 2021 10:40:12 PM org.apache.catalina.core.StandardContext startInternal
SEVERE: One or more listeners failed to start. Full details will be found in the appropriate container log file
Apr 13, 2021 10:40:12 PM org.apache.catalina.core.StandardContext startInternal
SEVERE: Context [/examples] startup failed due to previous errors
Apr 13, 2021 10:40:12 PM org.apache.catalina.startup.HostConfig deployDirectory
INFO: Deployment of web application directory [/Users/sirzheng/king/repo/tomcat7-vip/catalina-home/webapps/examples] has finished in [258] ms
Apr 13, 2021 10:40:12 PM org.apache.catalina.startup.HostConfig deployDirectory
INFO: Deploying web application directory [/Users/sirzheng/king/repo/tomcat7-vip/catalina-home/webapps/ROOT]
Apr 13, 2021 10:40:12 PM org.apache.catalina.startup.TldConfig execute
INFO: At least one JAR was scanned for TLDs yet contained no TLDs. Enable debug logging for this logger for a complete list of JARs that were scanned but no TLDs were found in them. Skipping unneeded JARs during scanning can improve startup time and JSP compilation time.
Apr 13, 2021 10:40:12 PM org.apache.catalina.startup.HostConfig deployDirectory
INFO: Deployment of web application directory [/Users/sirzheng/king/repo/tomcat7-vip/catalina-home/webapps/ROOT] has finished in [70] ms
Apr 13, 2021 10:40:12 PM org.apache.catalina.startup.HostConfig deployDirectory
INFO: Deploying web application directory [/Users/sirzheng/king/repo/tomcat7-vip/catalina-home/webapps/host-manager]
Apr 13, 2021 10:40:12 PM org.apache.catalina.startup.TldConfig execute
INFO: At least one JAR was scanned for TLDs yet contained no TLDs. Enable debug logging for this logger for a complete list of JARs that were scanned but no TLDs were found in them. Skipping unneeded JARs during scanning can improve startup time and JSP compilation time.
Apr 13, 2021 10:40:12 PM org.apache.catalina.startup.HostConfig deployDirectory
INFO: Deployment of web application directory [/Users/sirzheng/king/repo/tomcat7-vip/catalina-home/webapps/host-manager] has finished in [86] ms
Apr 13, 2021 10:40:12 PM org.apache.coyote.AbstractProtocol start
INFO: Starting ProtocolHandler ["http-bio-8080"]
Apr 13, 2021 10:40:12 PM org.apache.coyote.AbstractProtocol start
INFO: Starting ProtocolHandler ["ajp-bio-8009"]
Apr 13, 2021 10:40:12 PM org.apache.catalina.startup.Catalina start
INFO: Server startup in 4586 ms
Apr 13, 2021 10:40:17 PM org.apache.coyote.AbstractProtocol pause
INFO: Pausing ProtocolHandler ["http-bio-8080"]
Apr 13, 2021 10:40:18 PM org.apache.coyote.AbstractProtocol pause
INFO: Pausing ProtocolHandler ["ajp-bio-8009"]
Apr 13, 2021 10:40:18 PM org.apache.catalina.core.StandardService stopInternal
INFO: Stopping service [Catalina]
Apr 13, 2021 10:40:18 PM org.apache.coyote.AbstractProtocol stop
INFO: Stopping ProtocolHandler ["http-bio-8080"]
Apr 13, 2021 10:40:18 PM org.apache.coyote.AbstractProtocol stop
INFO: Stopping ProtocolHandler ["ajp-bio-8009"]
Apr 13, 2021 10:40:18 PM org.apache.coyote.AbstractProtocol destroy
INFO: Destroying ProtocolHandler ["http-bio-8080"]
Apr 13, 2021 10:40:18 PM org.apache.coyote.AbstractProtocol destroy
INFO: Destroying ProtocolHandler ["ajp-bio-8009"]
