四月 03, 2021 11:55:54 上午 org.apache.catalina.startup.VersionLoggerListener log
信息: Server.æå¡å¨çæ¬:        Apache Tomcat/@VERSION@
四月 03, 2021 11:55:54 上午 org.apache.catalina.startup.VersionLoggerListener log
信息: æå¡å¨æå»º:          @VERSION_BUILT@
四月 03, 2021 11:55:54 上午 org.apache.catalina.startup.VersionLoggerListener log
信息: Server version number: @VERSION_NUMBER@
四月 03, 2021 11:55:54 上午 org.apache.catalina.startup.VersionLoggerListener log
信息: OS Name:               Mac OS X
四月 03, 2021 11:55:54 上午 org.apache.catalina.startup.VersionLoggerListener log
信息: OS.çæ¬:            10.16
四月 03, 2021 11:55:54 上午 org.apache.catalina.startup.VersionLoggerListener log
信息: æ¶æ:          x86_64
四月 03, 2021 11:55:54 上午 org.apache.catalina.startup.VersionLoggerListener log
信息: Java ç¯å¢åé:             /Library/Java/JavaVirtualMachines/jdk1.8.0_271.jdk/Contents/Home/jre
四月 03, 2021 11:55:54 上午 org.apache.catalina.startup.VersionLoggerListener log
信息: JVM çæ¬:           1.8.0_271-b09
四月 03, 2021 11:55:54 上午 org.apache.catalina.startup.VersionLoggerListener log
信息: JVM.ä¾åºå:            Oracle Corporation
四月 03, 2021 11:55:54 上午 org.apache.catalina.startup.VersionLoggerListener log
信息: CATALINA_BASE:         /Users/sirzheng/king/repo/tomcat7-vip/catalina-home
四月 03, 2021 11:55:54 上午 org.apache.catalina.startup.VersionLoggerListener log
信息: CATALINA_HOME:         /Users/sirzheng/king/repo/tomcat7-vip/catalina-home
四月 03, 2021 11:55:54 上午 org.apache.catalina.startup.VersionLoggerListener log
信息: Command line argument: -Dcatalina.home=catalina-home
四月 03, 2021 11:55:54 上午 org.apache.catalina.startup.VersionLoggerListener log
信息: Command line argument: -Dcatalina.base=catalina-home
四月 03, 2021 11:55:54 上午 org.apache.catalina.startup.VersionLoggerListener log
信息: Command line argument: -Djava.endorsed.dirs=catalina-home/endorsed
四月 03, 2021 11:55:54 上午 org.apache.catalina.startup.VersionLoggerListener log
信息: Command line argument: -Djava.io.tmpdir=catalina-home/temp
四月 03, 2021 11:55:54 上午 org.apache.catalina.startup.VersionLoggerListener log
信息: Command line argument: -Djava.util.logging.manager=org.apache.juli.ClassLoaderLogManager
四月 03, 2021 11:55:54 上午 org.apache.catalina.startup.VersionLoggerListener log
信息: Command line argument: -Djava.util.logging.config.file=catalina-home/conf/logging.properties
四月 03, 2021 11:55:54 上午 org.apache.catalina.startup.VersionLoggerListener log
信息: Command line argument: -javaagent:/Applications/IntelliJ IDEA.app/Contents/lib/idea_rt.jar=60179:/Applications/IntelliJ IDEA.app/Contents/bin
四月 03, 2021 11:55:54 上午 org.apache.catalina.startup.VersionLoggerListener log
信息: Command line argument: -Dfile.encoding=UTF-8
四月 03, 2021 11:55:54 上午 org.apache.catalina.core.AprLifecycleListener lifecycleEvent
信息: The APR based Apache Tomcat Native library which allows optimal performance in production environments was not found on the java.library.path: [/Users/sirzheng/Library/Java/Extensions:/Library/Java/Extensions:/Network/Library/Java/Extensions:/System/Library/Java/Extensions:/usr/lib/java:.]
四月 03, 2021 11:55:54 上午 org.apache.coyote.AbstractProtocol init
信息: åå§ååè®®å¤çå¨ ["http-bio-8080"]
四月 03, 2021 11:55:54 上午 org.apache.coyote.AbstractProtocol init
信息: åå§ååè®®å¤çå¨ ["ajp-bio-8009"]
四月 03, 2021 11:55:54 上午 org.apache.catalina.startup.Catalina load
信息: Initialization processed in 1000 ms
四月 03, 2021 11:55:54 上午 org.apache.catalina.core.StandardService startInternal
信息: Starting service [Catalina]
四月 03, 2021 11:55:54 上午 org.apache.catalina.core.StandardEngine startInternal
信息: Starting Servlet Engine: Apache Tomcat/@VERSION@
四月 03, 2021 11:55:54 上午 org.apache.catalina.startup.HostConfig deployDescriptor
信息: Deploying deployment descriptor [/Users/sirzheng/king/repo/tomcat7-vip/catalina-home/conf/Catalina/localhost/Hello##2.xml]
四月 03, 2021 11:55:56 上午 org.apache.catalina.startup.TldConfig execute
信息: At least one JAR was scanned for TLDs yet contained no TLDs. Enable debug logging for this logger for a complete list of JARs that were scanned but no TLDs were found in them. Skipping unneeded JARs during scanning can improve startup time and JSP compilation time.
四月 03, 2021 11:55:56 上午 org.apache.catalina.startup.HostConfig deployDescriptor
信息: Deployment of deployment descriptor [/Users/sirzheng/king/repo/tomcat7-vip/catalina-home/conf/Catalina/localhost/Hello##2.xml] has finished in [1,996] ms
四月 03, 2021 11:55:56 上午 org.apache.catalina.startup.HostConfig deployDescriptor
信息: Deploying deployment descriptor [/Users/sirzheng/king/repo/tomcat7-vip/catalina-home/conf/Catalina/localhost/Hello##3.xml]
四月 03, 2021 11:55:57 上午 org.apache.catalina.startup.TldConfig execute
信息: At least one JAR was scanned for TLDs yet contained no TLDs. Enable debug logging for this logger for a complete list of JARs that were scanned but no TLDs were found in them. Skipping unneeded JARs during scanning can improve startup time and JSP compilation time.
四月 03, 2021 11:55:57 上午 org.apache.catalina.startup.HostConfig deployDescriptor
信息: Deployment of deployment descriptor [/Users/sirzheng/king/repo/tomcat7-vip/catalina-home/conf/Catalina/localhost/Hello##3.xml] has finished in [1,212] ms
四月 03, 2021 11:55:57 上午 org.apache.catalina.startup.HostConfig deployDirectory
信息: æweb åºç¨ç¨åºé¨ç½²å°ç®å½ [/Users/sirzheng/king/repo/tomcat7-vip/catalina-home/webapps/docs]
四月 03, 2021 11:55:57 上午 org.apache.catalina.startup.TldConfig execute
信息: At least one JAR was scanned for TLDs yet contained no TLDs. Enable debug logging for this logger for a complete list of JARs that were scanned but no TLDs were found in them. Skipping unneeded JARs during scanning can improve startup time and JSP compilation time.
四月 03, 2021 11:55:57 上午 org.apache.catalina.startup.HostConfig deployDirectory
信息: Deployment of web application directory [/Users/sirzheng/king/repo/tomcat7-vip/catalina-home/webapps/docs] has finished in [99] ms
四月 03, 2021 11:55:57 上午 org.apache.catalina.startup.HostConfig deployDirectory
信息: æweb åºç¨ç¨åºé¨ç½²å°ç®å½ [/Users/sirzheng/king/repo/tomcat7-vip/catalina-home/webapps/manager]
四月 03, 2021 11:55:57 上午 org.apache.catalina.startup.TldConfig execute
信息: At least one JAR was scanned for TLDs yet contained no TLDs. Enable debug logging for this logger for a complete list of JARs that were scanned but no TLDs were found in them. Skipping unneeded JARs during scanning can improve startup time and JSP compilation time.
四月 03, 2021 11:55:57 上午 org.apache.catalina.startup.HostConfig deployDirectory
信息: Deployment of web application directory [/Users/sirzheng/king/repo/tomcat7-vip/catalina-home/webapps/manager] has finished in [117] ms
四月 03, 2021 11:55:57 上午 org.apache.catalina.startup.HostConfig deployDirectory
信息: æweb åºç¨ç¨åºé¨ç½²å°ç®å½ [/Users/sirzheng/king/repo/tomcat7-vip/catalina-home/webapps/examples]
四月 03, 2021 11:55:58 上午 org.apache.catalina.startup.TldConfig execute
信息: At least one JAR was scanned for TLDs yet contained no TLDs. Enable debug logging for this logger for a complete list of JARs that were scanned but no TLDs were found in them. Skipping unneeded JARs during scanning can improve startup time and JSP compilation time.
四月 03, 2021 11:55:58 上午 org.apache.catalina.core.StandardContext startInternal
严重: One or more listeners failed to start. Full details will be found in the appropriate container log file
四月 03, 2021 11:55:58 上午 org.apache.catalina.core.StandardContext startInternal
严重: Context [/examples] startup failed due to previous errors
四月 03, 2021 11:55:58 上午 org.apache.catalina.startup.HostConfig deployDirectory
信息: Deployment of web application directory [/Users/sirzheng/king/repo/tomcat7-vip/catalina-home/webapps/examples] has finished in [277] ms
四月 03, 2021 11:55:58 上午 org.apache.catalina.startup.HostConfig deployDirectory
信息: æweb åºç¨ç¨åºé¨ç½²å°ç®å½ [/Users/sirzheng/king/repo/tomcat7-vip/catalina-home/webapps/ROOT]
四月 03, 2021 11:55:58 上午 org.apache.catalina.startup.TldConfig execute
信息: At least one JAR was scanned for TLDs yet contained no TLDs. Enable debug logging for this logger for a complete list of JARs that were scanned but no TLDs were found in them. Skipping unneeded JARs during scanning can improve startup time and JSP compilation time.
四月 03, 2021 11:55:58 上午 org.apache.catalina.startup.HostConfig deployDirectory
信息: Deployment of web application directory [/Users/sirzheng/king/repo/tomcat7-vip/catalina-home/webapps/ROOT] has finished in [87] ms
四月 03, 2021 11:55:58 上午 org.apache.catalina.startup.HostConfig deployDirectory
信息: æweb åºç¨ç¨åºé¨ç½²å°ç®å½ [/Users/sirzheng/king/repo/tomcat7-vip/catalina-home/webapps/host-manager]
四月 03, 2021 11:55:58 上午 org.apache.catalina.startup.TldConfig execute
信息: At least one JAR was scanned for TLDs yet contained no TLDs. Enable debug logging for this logger for a complete list of JARs that were scanned but no TLDs were found in them. Skipping unneeded JARs during scanning can improve startup time and JSP compilation time.
四月 03, 2021 11:55:58 上午 org.apache.catalina.startup.HostConfig deployDirectory
信息: Deployment of web application directory [/Users/sirzheng/king/repo/tomcat7-vip/catalina-home/webapps/host-manager] has finished in [75] ms
四月 03, 2021 11:55:58 上午 org.apache.coyote.AbstractProtocol start
信息: å¼å§åè®®å¤çå¥æ["http-bio-8080"]
四月 03, 2021 11:55:58 上午 org.apache.coyote.AbstractProtocol start
信息: å¼å§åè®®å¤çå¥æ["ajp-bio-8009"]
四月 03, 2021 11:55:58 上午 org.apache.catalina.startup.Catalina start
信息: Server startup in 3969 ms
四月 03, 2021 11:56:21 上午 org.apache.coyote.AbstractProtocol pause
信息: Pausing ProtocolHandler ["http-bio-8080"]
四月 03, 2021 11:56:21 上午 org.apache.coyote.AbstractProtocol pause
信息: Pausing ProtocolHandler ["ajp-bio-8009"]
四月 03, 2021 11:56:21 上午 org.apache.catalina.core.StandardService stopInternal
信息: Stopping service [Catalina]
四月 03, 2021 11:56:21 上午 org.apache.coyote.AbstractProtocol stop
信息: Stopping ProtocolHandler ["http-bio-8080"]
四月 03, 2021 11:56:21 上午 org.apache.coyote.AbstractProtocol stop
信息: Stopping ProtocolHandler ["ajp-bio-8009"]
四月 03, 2021 11:56:21 上午 org.apache.coyote.AbstractProtocol destroy
信息: æ­£å¨æ§æ¯åè®®å¤çå¨ ["http-bio-8080"]
四月 03, 2021 11:56:21 上午 org.apache.coyote.AbstractProtocol destroy
信息: æ­£å¨æ§æ¯åè®®å¤çå¨ ["ajp-bio-8009"]
Apr 03, 2021 11:56:26 AM org.apache.catalina.startup.VersionLoggerListener log
INFO: Server version name:   Apache Tomcat/@VERSION@
Apr 03, 2021 11:56:26 AM org.apache.catalina.startup.VersionLoggerListener log
INFO: Server built:          @VERSION_BUILT@
Apr 03, 2021 11:56:26 AM org.apache.catalina.startup.VersionLoggerListener log
INFO: Server version number: @VERSION_NUMBER@
Apr 03, 2021 11:56:26 AM org.apache.catalina.startup.VersionLoggerListener log
INFO: OS Name:               Mac OS X
Apr 03, 2021 11:56:26 AM org.apache.catalina.startup.VersionLoggerListener log
INFO: OS Version:            10.16
Apr 03, 2021 11:56:26 AM org.apache.catalina.startup.VersionLoggerListener log
INFO: Architecture:          x86_64
Apr 03, 2021 11:56:26 AM org.apache.catalina.startup.VersionLoggerListener log
INFO: Java Home:             /Library/Java/JavaVirtualMachines/jdk1.8.0_271.jdk/Contents/Home/jre
Apr 03, 2021 11:56:26 AM org.apache.catalina.startup.VersionLoggerListener log
INFO: JVM Version:           1.8.0_271-b09
Apr 03, 2021 11:56:26 AM org.apache.catalina.startup.VersionLoggerListener log
INFO: JVM Vendor:            Oracle Corporation
Apr 03, 2021 11:56:26 AM org.apache.catalina.startup.VersionLoggerListener log
INFO: CATALINA_BASE:         /Users/sirzheng/king/repo/tomcat7-vip/catalina-home
Apr 03, 2021 11:56:26 AM org.apache.catalina.startup.VersionLoggerListener log
INFO: CATALINA_HOME:         /Users/sirzheng/king/repo/tomcat7-vip/catalina-home
Apr 03, 2021 11:56:26 AM org.apache.catalina.startup.VersionLoggerListener log
INFO: Command line argument: -agentlib:jdwp=transport=dt_socket,address=127.0.0.1:60218,suspend=y,server=n
Apr 03, 2021 11:56:26 AM org.apache.catalina.startup.VersionLoggerListener log
INFO: Command line argument: -Dcatalina.home=catalina-home
Apr 03, 2021 11:56:26 AM org.apache.catalina.startup.VersionLoggerListener log
INFO: Command line argument: -Dcatalina.base=catalina-home
Apr 03, 2021 11:56:26 AM org.apache.catalina.startup.VersionLoggerListener log
INFO: Command line argument: -Djava.endorsed.dirs=catalina-home/endorsed
Apr 03, 2021 11:56:26 AM org.apache.catalina.startup.VersionLoggerListener log
INFO: Command line argument: -Djava.io.tmpdir=catalina-home/temp
Apr 03, 2021 11:56:26 AM org.apache.catalina.startup.VersionLoggerListener log
INFO: Command line argument: -Djava.util.logging.manager=org.apache.juli.ClassLoaderLogManager
Apr 03, 2021 11:56:26 AM org.apache.catalina.startup.VersionLoggerListener log
INFO: Command line argument: -Djava.util.logging.config.file=catalina-home/conf/logging.properties
Apr 03, 2021 11:56:26 AM org.apache.catalina.startup.VersionLoggerListener log
INFO: Command line argument: -Duser.language=
Apr 03, 2021 11:56:26 AM org.apache.catalina.startup.VersionLoggerListener log
INFO: Command line argument: -javaagent:/Users/sirzheng/Library/Caches/JetBrains/IntelliJIdea2020.2/captureAgent/debugger-agent.jar
Apr 03, 2021 11:56:26 AM org.apache.catalina.startup.VersionLoggerListener log
INFO: Command line argument: -Dfile.encoding=UTF-8
Apr 03, 2021 11:56:26 AM org.apache.catalina.core.AprLifecycleListener lifecycleEvent
INFO: The APR based Apache Tomcat Native library which allows optimal performance in production environments was not found on the java.library.path: [/Users/sirzheng/Library/Java/Extensions:/Library/Java/Extensions:/Network/Library/Java/Extensions:/System/Library/Java/Extensions:/usr/lib/java:.]
Apr 03, 2021 11:56:26 AM org.apache.coyote.AbstractProtocol init
INFO: Initializing ProtocolHandler ["http-bio-8080"]
Apr 03, 2021 11:56:26 AM org.apache.coyote.AbstractProtocol init
INFO: Initializing ProtocolHandler ["ajp-bio-8009"]
Apr 03, 2021 11:56:26 AM org.apache.catalina.startup.Catalina load
INFO: Initialization processed in 1190 ms
Apr 03, 2021 11:56:26 AM org.apache.catalina.core.StandardService startInternal
INFO: Starting service [Catalina]
Apr 03, 2021 11:56:26 AM org.apache.catalina.core.StandardEngine startInternal
INFO: Starting Servlet Engine: Apache Tomcat/@VERSION@
Apr 03, 2021 11:56:26 AM org.apache.catalina.startup.HostConfig deployDescriptor
INFO: Deploying deployment descriptor [/Users/sirzheng/king/repo/tomcat7-vip/catalina-home/conf/Catalina/localhost/Hello##2.xml]
Apr 03, 2021 11:56:28 AM org.apache.catalina.startup.TldConfig execute
INFO: At least one JAR was scanned for TLDs yet contained no TLDs. Enable debug logging for this logger for a complete list of JARs that were scanned but no TLDs were found in them. Skipping unneeded JARs during scanning can improve startup time and JSP compilation time.
Apr 03, 2021 11:56:28 AM org.apache.catalina.startup.HostConfig deployDescriptor
INFO: Deployment of deployment descriptor [/Users/sirzheng/king/repo/tomcat7-vip/catalina-home/conf/Catalina/localhost/Hello##2.xml] has finished in [1,803] ms
Apr 03, 2021 11:56:28 AM org.apache.catalina.startup.HostConfig deployDescriptor
INFO: Deploying deployment descriptor [/Users/sirzheng/king/repo/tomcat7-vip/catalina-home/conf/Catalina/localhost/Hello##3.xml]
Apr 03, 2021 11:56:29 AM org.apache.catalina.startup.TldConfig execute
INFO: At least one JAR was scanned for TLDs yet contained no TLDs. Enable debug logging for this logger for a complete list of JARs that were scanned but no TLDs were found in them. Skipping unneeded JARs during scanning can improve startup time and JSP compilation time.
Apr 03, 2021 11:56:29 AM org.apache.catalina.startup.HostConfig deployDescriptor
INFO: Deployment of deployment descriptor [/Users/sirzheng/king/repo/tomcat7-vip/catalina-home/conf/Catalina/localhost/Hello##3.xml] has finished in [1,096] ms
Apr 03, 2021 11:56:29 AM org.apache.catalina.startup.HostConfig deployDirectory
INFO: Deploying web application directory [/Users/sirzheng/king/repo/tomcat7-vip/catalina-home/webapps/docs]
Apr 03, 2021 11:56:29 AM org.apache.catalina.startup.TldConfig execute
INFO: At least one JAR was scanned for TLDs yet contained no TLDs. Enable debug logging for this logger for a complete list of JARs that were scanned but no TLDs were found in them. Skipping unneeded JARs during scanning can improve startup time and JSP compilation time.
Apr 03, 2021 11:56:29 AM org.apache.catalina.startup.HostConfig deployDirectory
INFO: Deployment of web application directory [/Users/sirzheng/king/repo/tomcat7-vip/catalina-home/webapps/docs] has finished in [119] ms
Apr 03, 2021 11:56:29 AM org.apache.catalina.startup.HostConfig deployDirectory
INFO: Deploying web application directory [/Users/sirzheng/king/repo/tomcat7-vip/catalina-home/webapps/manager]
Apr 03, 2021 11:56:29 AM org.apache.catalina.startup.TldConfig execute
INFO: At least one JAR was scanned for TLDs yet contained no TLDs. Enable debug logging for this logger for a complete list of JARs that were scanned but no TLDs were found in them. Skipping unneeded JARs during scanning can improve startup time and JSP compilation time.
Apr 03, 2021 11:56:29 AM org.apache.catalina.startup.HostConfig deployDirectory
INFO: Deployment of web application directory [/Users/sirzheng/king/repo/tomcat7-vip/catalina-home/webapps/manager] has finished in [138] ms
Apr 03, 2021 11:56:29 AM org.apache.catalina.startup.HostConfig deployDirectory
INFO: Deploying web application directory [/Users/sirzheng/king/repo/tomcat7-vip/catalina-home/webapps/examples]
Apr 03, 2021 11:56:30 AM org.apache.catalina.startup.TldConfig execute
INFO: At least one JAR was scanned for TLDs yet contained no TLDs. Enable debug logging for this logger for a complete list of JARs that were scanned but no TLDs were found in them. Skipping unneeded JARs during scanning can improve startup time and JSP compilation time.
Apr 03, 2021 11:56:30 AM org.apache.catalina.core.StandardContext startInternal
SEVERE: One or more listeners failed to start. Full details will be found in the appropriate container log file
Apr 03, 2021 11:56:30 AM org.apache.catalina.core.StandardContext startInternal
SEVERE: Context [/examples] startup failed due to previous errors
Apr 03, 2021 11:56:30 AM org.apache.catalina.startup.HostConfig deployDirectory
INFO: Deployment of web application directory [/Users/sirzheng/king/repo/tomcat7-vip/catalina-home/webapps/examples] has finished in [285] ms
Apr 03, 2021 11:56:30 AM org.apache.catalina.startup.HostConfig deployDirectory
INFO: Deploying web application directory [/Users/sirzheng/king/repo/tomcat7-vip/catalina-home/webapps/ROOT]
Apr 03, 2021 11:56:30 AM org.apache.catalina.startup.TldConfig execute
INFO: At least one JAR was scanned for TLDs yet contained no TLDs. Enable debug logging for this logger for a complete list of JARs that were scanned but no TLDs were found in them. Skipping unneeded JARs during scanning can improve startup time and JSP compilation time.
Apr 03, 2021 11:56:30 AM org.apache.catalina.startup.HostConfig deployDirectory
INFO: Deployment of web application directory [/Users/sirzheng/king/repo/tomcat7-vip/catalina-home/webapps/ROOT] has finished in [82] ms
Apr 03, 2021 11:56:30 AM org.apache.catalina.startup.HostConfig deployDirectory
INFO: Deploying web application directory [/Users/sirzheng/king/repo/tomcat7-vip/catalina-home/webapps/host-manager]
Apr 03, 2021 11:56:30 AM org.apache.catalina.startup.TldConfig execute
INFO: At least one JAR was scanned for TLDs yet contained no TLDs. Enable debug logging for this logger for a complete list of JARs that were scanned but no TLDs were found in them. Skipping unneeded JARs during scanning can improve startup time and JSP compilation time.
Apr 03, 2021 11:56:30 AM org.apache.catalina.startup.HostConfig deployDirectory
INFO: Deployment of web application directory [/Users/sirzheng/king/repo/tomcat7-vip/catalina-home/webapps/host-manager] has finished in [75] ms
Apr 03, 2021 11:56:30 AM org.apache.coyote.AbstractProtocol start
INFO: Starting ProtocolHandler ["http-bio-8080"]
Apr 03, 2021 11:56:30 AM org.apache.coyote.AbstractProtocol start
INFO: Starting ProtocolHandler ["ajp-bio-8009"]
Apr 03, 2021 11:56:30 AM org.apache.catalina.startup.Catalina start
INFO: Server startup in 3765 ms
Apr 03, 2021 11:59:42 PM org.apache.coyote.AbstractProtocol pause
INFO: Pausing ProtocolHandler ["http-bio-8080"]
Apr 03, 2021 11:59:42 PM org.apache.coyote.AbstractProtocol pause
INFO: Pausing ProtocolHandler ["ajp-bio-8009"]
Apr 03, 2021 11:59:42 PM org.apache.catalina.core.StandardService stopInternal
INFO: Stopping service [Catalina]
Apr 03, 2021 11:59:43 PM org.apache.coyote.AbstractProtocol stop
INFO: Stopping ProtocolHandler ["http-bio-8080"]
Apr 03, 2021 11:59:43 PM org.apache.coyote.AbstractProtocol stop
INFO: Stopping ProtocolHandler ["ajp-bio-8009"]
Apr 03, 2021 11:59:43 PM org.apache.coyote.AbstractProtocol destroy
INFO: Destroying ProtocolHandler ["http-bio-8080"]
Apr 03, 2021 11:59:43 PM org.apache.coyote.AbstractProtocol destroy
INFO: Destroying ProtocolHandler ["ajp-bio-8009"]
