四月 15, 2021 2:12:00 下午 org.apache.catalina.startup.ClassLoaderFactory validateFile
警告: Problem with directory [E:\gitrepo\tomcat7-vip\catalina-home\lib], exists: [false], isDirectory: [false], canRead: [false]
四月 15, 2021 2:12:00 下午 org.apache.catalina.startup.ClassLoaderFactory validateFile
警告: Problem with directory [E:\gitrepo\tomcat7-vip\catalina-home\lib], exists: [false], isDirectory: [false], canRead: [false]
四月 15, 2021 2:12:00 下午 org.apache.catalina.startup.ClassLoaderFactory validateFile
警告: Problem with directory [E:\gitrepo\tomcat7-vip\catalina-home\lib], exists: [false], isDirectory: [false], canRead: [false]
四月 15, 2021 2:12:00 下午 org.apache.catalina.startup.ClassLoaderFactory validateFile
警告: Problem with directory [E:\gitrepo\tomcat7-vip\catalina-home\lib], exists: [false], isDirectory: [false], canRead: [false]
四月 15, 2021 2:12:00 下午 org.apache.catalina.startup.Catalina initDirs
严重: Cannot find specified temporary folder at [catalina-home/temp]
四月 15, 2021 2:12:01 下午 org.apache.catalina.startup.VersionLoggerListener log
信息: Server.æå¡å¨çæ¬:        Apache Tomcat/@VERSION@
四月 15, 2021 2:12:01 下午 org.apache.catalina.startup.VersionLoggerListener log
信息: æå¡å¨æå»º:          @VERSION_BUILT@
四月 15, 2021 2:12:01 下午 org.apache.catalina.startup.VersionLoggerListener log
信息: Server version number: @VERSION_NUMBER@
四月 15, 2021 2:12:01 下午 org.apache.catalina.startup.VersionLoggerListener log
信息: OS Name:               Windows 10
四月 15, 2021 2:12:01 下午 org.apache.catalina.startup.VersionLoggerListener log
信息: OS.çæ¬:            10.0
四月 15, 2021 2:12:01 下午 org.apache.catalina.startup.VersionLoggerListener log
信息: æ¶æ:          x86
四月 15, 2021 2:12:01 下午 org.apache.catalina.startup.VersionLoggerListener log
信息: Java ç¯å¢åé:             D:\Program Files (x86)\Java\jdk1.8.0_261\jre
四月 15, 2021 2:12:01 下午 org.apache.catalina.startup.VersionLoggerListener log
信息: JVM çæ¬:           1.8.0_261-b12
四月 15, 2021 2:12:01 下午 org.apache.catalina.startup.VersionLoggerListener log
信息: JVM.ä¾åºå:            Oracle Corporation
四月 15, 2021 2:12:01 下午 org.apache.catalina.startup.VersionLoggerListener log
信息: CATALINA_BASE:         E:\gitrepo\tomcat7-vip\catalina-home
四月 15, 2021 2:12:01 下午 org.apache.catalina.startup.VersionLoggerListener log
信息: CATALINA_HOME:         E:\gitrepo\tomcat7-vip\catalina-home
四月 15, 2021 2:12:01 下午 org.apache.catalina.startup.VersionLoggerListener log
信息: Command line argument: -agentlib:jdwp=transport=dt_socket,address=127.0.0.1:8527,suspend=y,server=n
四月 15, 2021 2:12:01 下午 org.apache.catalina.startup.VersionLoggerListener log
信息: Command line argument: -Dcatalina.home=catalina-home
四月 15, 2021 2:12:01 下午 org.apache.catalina.startup.VersionLoggerListener log
信息: Command line argument: -Dcatalina.base=catalina-home
四月 15, 2021 2:12:01 下午 org.apache.catalina.startup.VersionLoggerListener log
信息: Command line argument: -Djava.endorsed.dirs=catalina-home/endorsed
四月 15, 2021 2:12:01 下午 org.apache.catalina.startup.VersionLoggerListener log
信息: Command line argument: -Djava.io.tmpdir=catalina-home/temp
四月 15, 2021 2:12:01 下午 org.apache.catalina.startup.VersionLoggerListener log
信息: Command line argument: -Djava.util.logging.manager=org.apache.juli.ClassLoaderLogManager
四月 15, 2021 2:12:01 下午 org.apache.catalina.startup.VersionLoggerListener log
信息: Command line argument: -Djava.util.logging.config.file=catalina-home/conf/logging.properties
四月 15, 2021 2:12:01 下午 org.apache.catalina.startup.VersionLoggerListener log
信息: Command line argument: -javaagent:C:\Users\ASUS\.IntelliJIdea2019.3\system\captureAgent\debugger-agent.jar
四月 15, 2021 2:12:01 下午 org.apache.catalina.startup.VersionLoggerListener log
信息: Command line argument: -Dfile.encoding=UTF-8
四月 15, 2021 2:12:01 下午 org.apache.catalina.core.AprLifecycleListener lifecycleEvent
信息: The APR based Apache Tomcat Native library which allows optimal performance in production environments was not found on the java.library.path: [D:\Program Files (x86)\Java\jdk1.8.0_261\bin;C:\WINDOWS\Sun\Java\bin;C:\WINDOWS\system32;C:\WINDOWS;D:\Program Files (x86)\VMware\VMware Workstation\bin\;c:\gtk\bin;D:\Program Files (x86)\Python37-32\Scripts\;D:\Program Files (x86)\Python37-32\;E:\app\ASUS\product\11.2.0\dbhome_3\bin;C:\Program Files (x86)\Intel\iCLS Client\;C:\Program Files\Intel\iCLS Client\;C:\Windows\system32;C:\Windows;C:\Windows\System32\Wbem;C:\Windows\System32\WindowsPowerShell\v1.0\;C:\Program Files (x86)\NVIDIA Corporation\PhysX\Common;C:\Program Files (x86)\Intel\Intel(R) Management Engine Components\DAL;C:\Program Files\Intel\Intel(R) Management Engine Components\DAL;C:\Program Files (x86)\Intel\Intel(R) Management Engine Components\IPT;C:\Program Files\Intel\Intel(R) Management Engine Components\IPT;C:\software\MySQL Server 5.5\bin;C:\WINDOWS\system32;C:\WINDOWS;C:\WINDOWS\System32\Wbem;C:\WINDOWS\System32\WindowsPowerShell\v1.0\;C:\Program Files\Microsoft SQL Server\120\DTS\Binn\;C:\Program Files\Microsoft SQL Server\Client SDK\ODBC\110\Tools\Binn\;C:\Program Files (x86)\Microsoft SQL Server\120\Tools\Binn\;C:\Program Files\Microsoft SQL Server\120\Tools\Binn\;C:\Program Files (x86)\Microsoft SQL Server\120\Tools\Binn\ManagementStudio\;C:\Program Files (x86)\Microsoft SQL Server\120\DTS\Binn\;D:\bigdata\findbugs-3.0.1\bin;D:\bigdata\protobuf-2.5.0\src;D:\bigdata\cmake-3.6.1-win64-x64\bin;D:\cygwin\bin;D:\bigdata\zlib;C:\Program Files (x86)\Windows Kits\8.1\Windows Performance Toolkit\;D:\bigdata\apache-ant-1.9.11\bin;D:\hadoop-2.6.5\bin;C:\WINDOWS\System32\OpenSSH\;C:\Users\ASUS\AppData\Local\Microsoft\WindowsApps;D:\Program Files\JetBrains\IntelliJ IDEA 2018.3\bin;C:\Program Files\NVIDIA Corporation\NVIDIA NvDLISR;C:\WINDOWS\system32;C:\WINDOWS;C:\WINDOWS\System32\Wbem;C:\WINDOWS\System32\WindowsPowerShell\v1.0\;C:\WINDOWS\System32\OpenSSH\;D:\Program Files\Git\cmd;D:\gradle-4.9\bin;D:\Java\jdk1.8.0_261\bin;D:\apache-maven-3.6.3-bin\bin;D:\Chrome\apache-ant-1.10.7-bin\bin;E:\Program Files (x86)\NetSarang\Xftp 7\;D:\Program Files (x86)\scala\bin;C:\Program Files\MySQL\MySQL Server 5.7\bin;D:\Program Files\nodejs\;D:\Program Files\Redis\;C:\Users\ASUS\AppData\Local\Microsoft\WindowsApps;D:\Program Files\JetBrains\IntelliJ IDEA 2019.1.4\bin;C:\Users\ASUS\AppData\Local\BypassRuntm;D:\Program Files\JetBrains\IntelliJ IDEA 2019.3.5\bin;;D:\Program Files\JetBrains\DataGrip 2020.3.1\bin;;C:\Users\ASUS\AppData\Local\Microsoft\WindowsApps;C:\Users\ASUS\AppData\Roaming\npm;.]
四月 15, 2021 2:12:01 下午 org.apache.coyote.AbstractProtocol init
信息: åå§ååè®®å¤çå¨ ["http-bio-8080"]
四月 15, 2021 2:12:01 下午 org.apache.coyote.AbstractProtocol init
信息: åå§ååè®®å¤çå¨ ["ajp-bio-8009"]
四月 15, 2021 2:12:01 下午 org.apache.catalina.startup.Catalina load
信息: Initialization processed in 1253 ms
四月 15, 2021 2:12:01 下午 org.apache.catalina.core.StandardService startInternal
信息: Starting service [Catalina]
四月 15, 2021 2:12:01 下午 org.apache.catalina.core.StandardEngine startInternal
信息: Starting Servlet Engine: Apache Tomcat/@VERSION@
四月 15, 2021 2:12:01 下午 org.apache.catalina.startup.HostConfig deployDescriptor
信息: Deploying deployment descriptor [E:\gitrepo\tomcat7-vip\catalina-home\conf\Catalina\localhost\Hello##2.xml]
四月 15, 2021 2:12:04 下午 org.apache.catalina.startup.TldConfig execute
信息: At least one JAR was scanned for TLDs yet contained no TLDs. Enable debug logging for this logger for a complete list of JARs that were scanned but no TLDs were found in them. Skipping unneeded JARs during scanning can improve startup time and JSP compilation time.
四月 15, 2021 2:12:05 下午 org.apache.catalina.util.SessionIdGeneratorBase createSecureRandom
警告: Creation of SecureRandom instance for session ID generation using [SHA1PRNG] took [624] milliseconds.
四月 15, 2021 2:12:05 下午 org.apache.catalina.startup.HostConfig deployDescriptor
信息: Deployment of deployment descriptor [E:\gitrepo\tomcat7-vip\catalina-home\conf\Catalina\localhost\Hello##2.xml] has finished in [3,439] ms
四月 15, 2021 2:12:05 下午 org.apache.catalina.startup.HostConfig deployDescriptor
信息: Deploying deployment descriptor [E:\gitrepo\tomcat7-vip\catalina-home\conf\Catalina\localhost\Hello##3.xml]
四月 15, 2021 2:12:06 下午 org.apache.catalina.startup.TldConfig execute
信息: At least one JAR was scanned for TLDs yet contained no TLDs. Enable debug logging for this logger for a complete list of JARs that were scanned but no TLDs were found in them. Skipping unneeded JARs during scanning can improve startup time and JSP compilation time.
四月 15, 2021 2:12:06 下午 org.apache.catalina.startup.HostConfig deployDescriptor
信息: Deployment of deployment descriptor [E:\gitrepo\tomcat7-vip\catalina-home\conf\Catalina\localhost\Hello##3.xml] has finished in [1,286] ms
四月 15, 2021 2:12:06 下午 org.apache.catalina.startup.HostConfig deployWAR
信息: Deploying web application archive [E:\gitrepo\tomcat7-vip\catalina-home\webapps\demo-servlet.war]
四月 15, 2021 2:12:07 下午 org.apache.catalina.startup.TldConfig execute
信息: At least one JAR was scanned for TLDs yet contained no TLDs. Enable debug logging for this logger for a complete list of JARs that were scanned but no TLDs were found in them. Skipping unneeded JARs during scanning can improve startup time and JSP compilation time.
四月 15, 2021 2:12:07 下午 org.apache.catalina.startup.HostConfig deployWAR
信息: Deployment of web application archive [E:\gitrepo\tomcat7-vip\catalina-home\webapps\demo-servlet.war] has finished in [1,282] ms
四月 15, 2021 2:12:07 下午 org.apache.catalina.startup.HostConfig deployDirectory
信息: æweb åºç¨ç¨åºé¨ç½²å°ç®å½ [E:\gitrepo\tomcat7-vip\catalina-home\webapps\docs]
四月 15, 2021 2:12:08 下午 org.apache.catalina.startup.TldConfig execute
信息: At least one JAR was scanned for TLDs yet contained no TLDs. Enable debug logging for this logger for a complete list of JARs that were scanned but no TLDs were found in them. Skipping unneeded JARs during scanning can improve startup time and JSP compilation time.
四月 15, 2021 2:12:08 下午 org.apache.catalina.startup.HostConfig deployDirectory
信息: Deployment of web application directory [E:\gitrepo\tomcat7-vip\catalina-home\webapps\docs] has finished in [86] ms
四月 15, 2021 2:12:08 下午 org.apache.catalina.startup.HostConfig deployDirectory
信息: æweb åºç¨ç¨åºé¨ç½²å°ç®å½ [E:\gitrepo\tomcat7-vip\catalina-home\webapps\examples]
四月 15, 2021 2:12:08 下午 org.apache.catalina.startup.TldConfig execute
信息: At least one JAR was scanned for TLDs yet contained no TLDs. Enable debug logging for this logger for a complete list of JARs that were scanned but no TLDs were found in them. Skipping unneeded JARs during scanning can improve startup time and JSP compilation time.
四月 15, 2021 2:12:08 下午 org.apache.catalina.core.StandardContext startInternal
严重: One or more listeners failed to start. Full details will be found in the appropriate container log file
四月 15, 2021 2:12:08 下午 org.apache.catalina.core.StandardContext startInternal
严重: Context [/examples] startup failed due to previous errors
四月 15, 2021 2:12:08 下午 org.apache.catalina.startup.HostConfig deployDirectory
信息: Deployment of web application directory [E:\gitrepo\tomcat7-vip\catalina-home\webapps\examples] has finished in [192] ms
四月 15, 2021 2:12:08 下午 org.apache.catalina.startup.HostConfig deployDirectory
信息: æweb åºç¨ç¨åºé¨ç½²å°ç®å½ [E:\gitrepo\tomcat7-vip\catalina-home\webapps\host-manager]
四月 15, 2021 2:12:08 下午 org.apache.catalina.startup.TldConfig execute
信息: At least one JAR was scanned for TLDs yet contained no TLDs. Enable debug logging for this logger for a complete list of JARs that were scanned but no TLDs were found in them. Skipping unneeded JARs during scanning can improve startup time and JSP compilation time.
四月 15, 2021 2:12:08 下午 org.apache.catalina.startup.HostConfig deployDirectory
信息: Deployment of web application directory [E:\gitrepo\tomcat7-vip\catalina-home\webapps\host-manager] has finished in [122] ms
四月 15, 2021 2:12:08 下午 org.apache.catalina.startup.HostConfig deployDirectory
信息: æweb åºç¨ç¨åºé¨ç½²å°ç®å½ [E:\gitrepo\tomcat7-vip\catalina-home\webapps\manager]
四月 15, 2021 2:12:08 下午 org.apache.catalina.startup.TldConfig execute
信息: At least one JAR was scanned for TLDs yet contained no TLDs. Enable debug logging for this logger for a complete list of JARs that were scanned but no TLDs were found in them. Skipping unneeded JARs during scanning can improve startup time and JSP compilation time.
四月 15, 2021 2:12:08 下午 org.apache.catalina.startup.HostConfig deployDirectory
信息: Deployment of web application directory [E:\gitrepo\tomcat7-vip\catalina-home\webapps\manager] has finished in [116] ms
四月 15, 2021 2:12:08 下午 org.apache.catalina.startup.HostConfig deployDirectory
信息: æweb åºç¨ç¨åºé¨ç½²å°ç®å½ [E:\gitrepo\tomcat7-vip\catalina-home\webapps\ROOT]
四月 15, 2021 2:12:08 下午 org.apache.catalina.startup.TldConfig execute
信息: At least one JAR was scanned for TLDs yet contained no TLDs. Enable debug logging for this logger for a complete list of JARs that were scanned but no TLDs were found in them. Skipping unneeded JARs during scanning can improve startup time and JSP compilation time.
四月 15, 2021 2:12:08 下午 org.apache.catalina.startup.HostConfig deployDirectory
信息: Deployment of web application directory [E:\gitrepo\tomcat7-vip\catalina-home\webapps\ROOT] has finished in [100] ms
四月 15, 2021 2:12:08 下午 org.apache.coyote.AbstractProtocol start
信息: å¼å§åè®®å¤çå¥æ["http-bio-8080"]
四月 15, 2021 2:12:08 下午 org.apache.coyote.AbstractProtocol start
信息: å¼å§åè®®å¤çå¥æ["ajp-bio-8009"]
四月 15, 2021 2:12:08 下午 org.apache.catalina.startup.Catalina start
信息: Server startup in 6753 ms
四月 15, 2021 2:12:28 下午 org.apache.coyote.AbstractProtocol pause
信息: Pausing ProtocolHandler ["http-bio-8080"]
四月 15, 2021 2:12:28 下午 org.apache.coyote.AbstractProtocol pause
信息: Pausing ProtocolHandler ["ajp-bio-8009"]
四月 15, 2021 2:12:28 下午 org.apache.catalina.core.StandardService stopInternal
信息: Stopping service [Catalina]
四月 15, 2021 2:12:28 下午 org.apache.coyote.AbstractProtocol stop
信息: Stopping ProtocolHandler ["http-bio-8080"]
四月 15, 2021 2:12:28 下午 org.apache.coyote.AbstractProtocol stop
信息: Stopping ProtocolHandler ["ajp-bio-8009"]
四月 15, 2021 2:12:28 下午 org.apache.coyote.AbstractProtocol destroy
信息: æ­£å¨æ§æ¯åè®®å¤çå¨ ["http-bio-8080"]
四月 15, 2021 2:12:28 下午 org.apache.coyote.AbstractProtocol destroy
信息: æ­£å¨æ§æ¯åè®®å¤çå¨ ["ajp-bio-8009"]
四月 15, 2021 2:14:19 下午 org.apache.catalina.startup.ClassLoaderFactory validateFile
警告: Problem with directory [E:\gitrepo\tomcat7-vip\catalina-home\lib], exists: [false], isDirectory: [false], canRead: [false]
四月 15, 2021 2:14:19 下午 org.apache.catalina.startup.ClassLoaderFactory validateFile
警告: Problem with directory [E:\gitrepo\tomcat7-vip\catalina-home\lib], exists: [false], isDirectory: [false], canRead: [false]
四月 15, 2021 2:14:19 下午 org.apache.catalina.startup.ClassLoaderFactory validateFile
警告: Problem with directory [E:\gitrepo\tomcat7-vip\catalina-home\lib], exists: [false], isDirectory: [false], canRead: [false]
四月 15, 2021 2:14:19 下午 org.apache.catalina.startup.ClassLoaderFactory validateFile
警告: Problem with directory [E:\gitrepo\tomcat7-vip\catalina-home\lib], exists: [false], isDirectory: [false], canRead: [false]
四月 15, 2021 2:14:19 下午 org.apache.catalina.startup.Catalina initDirs
严重: Cannot find specified temporary folder at [catalina-home/temp]
四月 15, 2021 2:14:19 下午 org.apache.catalina.startup.VersionLoggerListener log
信息: Server.æå¡å¨çæ¬:        Apache Tomcat/@VERSION@
四月 15, 2021 2:14:19 下午 org.apache.catalina.startup.VersionLoggerListener log
信息: æå¡å¨æå»º:          @VERSION_BUILT@
四月 15, 2021 2:14:19 下午 org.apache.catalina.startup.VersionLoggerListener log
信息: Server version number: @VERSION_NUMBER@
四月 15, 2021 2:14:19 下午 org.apache.catalina.startup.VersionLoggerListener log
信息: OS Name:               Windows 10
四月 15, 2021 2:14:19 下午 org.apache.catalina.startup.VersionLoggerListener log
信息: OS.çæ¬:            10.0
四月 15, 2021 2:14:19 下午 org.apache.catalina.startup.VersionLoggerListener log
信息: æ¶æ:          x86
四月 15, 2021 2:14:19 下午 org.apache.catalina.startup.VersionLoggerListener log
信息: Java ç¯å¢åé:             D:\Program Files (x86)\Java\jdk1.8.0_261\jre
四月 15, 2021 2:14:19 下午 org.apache.catalina.startup.VersionLoggerListener log
信息: JVM çæ¬:           1.8.0_261-b12
四月 15, 2021 2:14:19 下午 org.apache.catalina.startup.VersionLoggerListener log
信息: JVM.ä¾åºå:            Oracle Corporation
四月 15, 2021 2:14:19 下午 org.apache.catalina.startup.VersionLoggerListener log
信息: CATALINA_BASE:         E:\gitrepo\tomcat7-vip\catalina-home
四月 15, 2021 2:14:19 下午 org.apache.catalina.startup.VersionLoggerListener log
信息: CATALINA_HOME:         E:\gitrepo\tomcat7-vip\catalina-home
四月 15, 2021 2:14:19 下午 org.apache.catalina.startup.VersionLoggerListener log
信息: Command line argument: -agentlib:jdwp=transport=dt_socket,address=127.0.0.1:8901,suspend=y,server=n
四月 15, 2021 2:14:19 下午 org.apache.catalina.startup.VersionLoggerListener log
信息: Command line argument: -Dcatalina.home=catalina-home
四月 15, 2021 2:14:19 下午 org.apache.catalina.startup.VersionLoggerListener log
信息: Command line argument: -Dcatalina.base=catalina-home
四月 15, 2021 2:14:19 下午 org.apache.catalina.startup.VersionLoggerListener log
信息: Command line argument: -Djava.endorsed.dirs=catalina-home/endorsed
四月 15, 2021 2:14:19 下午 org.apache.catalina.startup.VersionLoggerListener log
信息: Command line argument: -Djava.io.tmpdir=catalina-home/temp
四月 15, 2021 2:14:19 下午 org.apache.catalina.startup.VersionLoggerListener log
信息: Command line argument: -Djava.util.logging.manager=org.apache.juli.ClassLoaderLogManager
四月 15, 2021 2:14:19 下午 org.apache.catalina.startup.VersionLoggerListener log
信息: Command line argument: -Djava.util.logging.config.file=catalina-home/conf/logging.properties
四月 15, 2021 2:14:19 下午 org.apache.catalina.startup.VersionLoggerListener log
信息: Command line argument: -javaagent:C:\Users\ASUS\.IntelliJIdea2019.3\system\captureAgent\debugger-agent.jar
四月 15, 2021 2:14:19 下午 org.apache.catalina.startup.VersionLoggerListener log
信息: Command line argument: -Dfile.encoding=UTF-8
四月 15, 2021 2:14:19 下午 org.apache.catalina.core.AprLifecycleListener lifecycleEvent
信息: The APR based Apache Tomcat Native library which allows optimal performance in production environments was not found on the java.library.path: [D:\Program Files (x86)\Java\jdk1.8.0_261\bin;C:\WINDOWS\Sun\Java\bin;C:\WINDOWS\system32;C:\WINDOWS;D:\Program Files (x86)\VMware\VMware Workstation\bin\;c:\gtk\bin;D:\Program Files (x86)\Python37-32\Scripts\;D:\Program Files (x86)\Python37-32\;E:\app\ASUS\product\11.2.0\dbhome_3\bin;C:\Program Files (x86)\Intel\iCLS Client\;C:\Program Files\Intel\iCLS Client\;C:\Windows\system32;C:\Windows;C:\Windows\System32\Wbem;C:\Windows\System32\WindowsPowerShell\v1.0\;C:\Program Files (x86)\NVIDIA Corporation\PhysX\Common;C:\Program Files (x86)\Intel\Intel(R) Management Engine Components\DAL;C:\Program Files\Intel\Intel(R) Management Engine Components\DAL;C:\Program Files (x86)\Intel\Intel(R) Management Engine Components\IPT;C:\Program Files\Intel\Intel(R) Management Engine Components\IPT;C:\software\MySQL Server 5.5\bin;C:\WINDOWS\system32;C:\WINDOWS;C:\WINDOWS\System32\Wbem;C:\WINDOWS\System32\WindowsPowerShell\v1.0\;C:\Program Files\Microsoft SQL Server\120\DTS\Binn\;C:\Program Files\Microsoft SQL Server\Client SDK\ODBC\110\Tools\Binn\;C:\Program Files (x86)\Microsoft SQL Server\120\Tools\Binn\;C:\Program Files\Microsoft SQL Server\120\Tools\Binn\;C:\Program Files (x86)\Microsoft SQL Server\120\Tools\Binn\ManagementStudio\;C:\Program Files (x86)\Microsoft SQL Server\120\DTS\Binn\;D:\bigdata\findbugs-3.0.1\bin;D:\bigdata\protobuf-2.5.0\src;D:\bigdata\cmake-3.6.1-win64-x64\bin;D:\cygwin\bin;D:\bigdata\zlib;C:\Program Files (x86)\Windows Kits\8.1\Windows Performance Toolkit\;D:\bigdata\apache-ant-1.9.11\bin;D:\hadoop-2.6.5\bin;C:\WINDOWS\System32\OpenSSH\;C:\Users\ASUS\AppData\Local\Microsoft\WindowsApps;D:\Program Files\JetBrains\IntelliJ IDEA 2018.3\bin;C:\Program Files\NVIDIA Corporation\NVIDIA NvDLISR;C:\WINDOWS\system32;C:\WINDOWS;C:\WINDOWS\System32\Wbem;C:\WINDOWS\System32\WindowsPowerShell\v1.0\;C:\WINDOWS\System32\OpenSSH\;D:\Program Files\Git\cmd;D:\gradle-4.9\bin;D:\Java\jdk1.8.0_261\bin;D:\apache-maven-3.6.3-bin\bin;D:\Chrome\apache-ant-1.10.7-bin\bin;E:\Program Files (x86)\NetSarang\Xftp 7\;D:\Program Files (x86)\scala\bin;C:\Program Files\MySQL\MySQL Server 5.7\bin;D:\Program Files\nodejs\;D:\Program Files\Redis\;C:\Users\ASUS\AppData\Local\Microsoft\WindowsApps;D:\Program Files\JetBrains\IntelliJ IDEA 2019.1.4\bin;C:\Users\ASUS\AppData\Local\BypassRuntm;D:\Program Files\JetBrains\IntelliJ IDEA 2019.3.5\bin;;D:\Program Files\JetBrains\DataGrip 2020.3.1\bin;;C:\Users\ASUS\AppData\Local\Microsoft\WindowsApps;C:\Users\ASUS\AppData\Roaming\npm;.]
四月 15, 2021 2:14:19 下午 org.apache.coyote.AbstractProtocol init
信息: åå§ååè®®å¤çå¨ ["http-bio-8080"]
四月 15, 2021 2:14:19 下午 org.apache.coyote.AbstractProtocol init
信息: åå§ååè®®å¤çå¨ ["ajp-bio-8009"]
四月 15, 2021 2:14:19 下午 org.apache.catalina.startup.Catalina load
信息: Initialization processed in 581 ms
四月 15, 2021 2:14:19 下午 org.apache.catalina.core.StandardService startInternal
信息: Starting service [Catalina]
四月 15, 2021 2:14:19 下午 org.apache.catalina.core.StandardEngine startInternal
信息: Starting Servlet Engine: Apache Tomcat/@VERSION@
四月 15, 2021 2:14:19 下午 org.apache.catalina.startup.HostConfig deployDescriptor
信息: Deploying deployment descriptor [E:\gitrepo\tomcat7-vip\catalina-home\conf\Catalina\localhost\Hello##2.xml]
四月 15, 2021 2:14:21 下午 org.apache.catalina.startup.TldConfig execute
信息: At least one JAR was scanned for TLDs yet contained no TLDs. Enable debug logging for this logger for a complete list of JARs that were scanned but no TLDs were found in them. Skipping unneeded JARs during scanning can improve startup time and JSP compilation time.
四月 15, 2021 2:14:22 下午 org.apache.catalina.util.SessionIdGeneratorBase createSecureRandom
警告: Creation of SecureRandom instance for session ID generation using [SHA1PRNG] took [631] milliseconds.
四月 15, 2021 2:14:22 下午 org.apache.catalina.startup.HostConfig deployDescriptor
信息: Deployment of deployment descriptor [E:\gitrepo\tomcat7-vip\catalina-home\conf\Catalina\localhost\Hello##2.xml] has finished in [2,520] ms
四月 15, 2021 2:14:22 下午 org.apache.catalina.startup.HostConfig deployDescriptor
信息: Deploying deployment descriptor [E:\gitrepo\tomcat7-vip\catalina-home\conf\Catalina\localhost\Hello##3.xml]
四月 15, 2021 2:14:23 下午 org.apache.catalina.startup.TldConfig execute
信息: At least one JAR was scanned for TLDs yet contained no TLDs. Enable debug logging for this logger for a complete list of JARs that were scanned but no TLDs were found in them. Skipping unneeded JARs during scanning can improve startup time and JSP compilation time.
四月 15, 2021 2:14:23 下午 org.apache.catalina.startup.HostConfig deployDescriptor
信息: Deployment of deployment descriptor [E:\gitrepo\tomcat7-vip\catalina-home\conf\Catalina\localhost\Hello##3.xml] has finished in [1,381] ms
四月 15, 2021 2:14:23 下午 org.apache.catalina.startup.HostConfig deployWAR
信息: Deploying web application archive [E:\gitrepo\tomcat7-vip\catalina-home\webapps\demo-servlet.war]
四月 15, 2021 2:14:24 下午 org.apache.catalina.startup.TldConfig execute
信息: At least one JAR was scanned for TLDs yet contained no TLDs. Enable debug logging for this logger for a complete list of JARs that were scanned but no TLDs were found in them. Skipping unneeded JARs during scanning can improve startup time and JSP compilation time.
四月 15, 2021 2:14:24 下午 org.apache.catalina.startup.HostConfig deployWAR
信息: Deployment of web application archive [E:\gitrepo\tomcat7-vip\catalina-home\webapps\demo-servlet.war] has finished in [1,288] ms
四月 15, 2021 2:14:24 下午 org.apache.catalina.startup.HostConfig deployDirectory
信息: æweb åºç¨ç¨åºé¨ç½²å°ç®å½ [E:\gitrepo\tomcat7-vip\catalina-home\webapps\docs]
四月 15, 2021 2:14:25 下午 org.apache.catalina.startup.TldConfig execute
信息: At least one JAR was scanned for TLDs yet contained no TLDs. Enable debug logging for this logger for a complete list of JARs that were scanned but no TLDs were found in them. Skipping unneeded JARs during scanning can improve startup time and JSP compilation time.
四月 15, 2021 2:14:25 下午 org.apache.catalina.startup.HostConfig deployDirectory
信息: Deployment of web application directory [E:\gitrepo\tomcat7-vip\catalina-home\webapps\docs] has finished in [85] ms
四月 15, 2021 2:14:25 下午 org.apache.catalina.startup.HostConfig deployDirectory
信息: æweb åºç¨ç¨åºé¨ç½²å°ç®å½ [E:\gitrepo\tomcat7-vip\catalina-home\webapps\examples]
四月 15, 2021 2:14:25 下午 org.apache.catalina.startup.TldConfig execute
信息: At least one JAR was scanned for TLDs yet contained no TLDs. Enable debug logging for this logger for a complete list of JARs that were scanned but no TLDs were found in them. Skipping unneeded JARs during scanning can improve startup time and JSP compilation time.
四月 15, 2021 2:14:25 下午 org.apache.catalina.core.StandardContext startInternal
严重: One or more listeners failed to start. Full details will be found in the appropriate container log file
四月 15, 2021 2:14:25 下午 org.apache.catalina.core.StandardContext startInternal
严重: Context [/examples] startup failed due to previous errors
四月 15, 2021 2:14:25 下午 org.apache.catalina.startup.HostConfig deployDirectory
信息: Deployment of web application directory [E:\gitrepo\tomcat7-vip\catalina-home\webapps\examples] has finished in [163] ms
四月 15, 2021 2:14:25 下午 org.apache.catalina.startup.HostConfig deployDirectory
信息: æweb åºç¨ç¨åºé¨ç½²å°ç®å½ [E:\gitrepo\tomcat7-vip\catalina-home\webapps\host-manager]
四月 15, 2021 2:14:25 下午 org.apache.catalina.startup.TldConfig execute
信息: At least one JAR was scanned for TLDs yet contained no TLDs. Enable debug logging for this logger for a complete list of JARs that were scanned but no TLDs were found in them. Skipping unneeded JARs during scanning can improve startup time and JSP compilation time.
四月 15, 2021 2:14:25 下午 org.apache.catalina.startup.HostConfig deployDirectory
信息: Deployment of web application directory [E:\gitrepo\tomcat7-vip\catalina-home\webapps\host-manager] has finished in [100] ms
四月 15, 2021 2:14:25 下午 org.apache.catalina.startup.HostConfig deployDirectory
信息: æweb åºç¨ç¨åºé¨ç½²å°ç®å½ [E:\gitrepo\tomcat7-vip\catalina-home\webapps\manager]
四月 15, 2021 2:14:25 下午 org.apache.catalina.startup.TldConfig execute
信息: At least one JAR was scanned for TLDs yet contained no TLDs. Enable debug logging for this logger for a complete list of JARs that were scanned but no TLDs were found in them. Skipping unneeded JARs during scanning can improve startup time and JSP compilation time.
四月 15, 2021 2:14:25 下午 org.apache.catalina.startup.HostConfig deployDirectory
信息: Deployment of web application directory [E:\gitrepo\tomcat7-vip\catalina-home\webapps\manager] has finished in [116] ms
四月 15, 2021 2:14:25 下午 org.apache.catalina.startup.HostConfig deployDirectory
信息: æweb åºç¨ç¨åºé¨ç½²å°ç®å½ [E:\gitrepo\tomcat7-vip\catalina-home\webapps\ROOT]
四月 15, 2021 2:14:25 下午 org.apache.catalina.startup.TldConfig execute
信息: At least one JAR was scanned for TLDs yet contained no TLDs. Enable debug logging for this logger for a complete list of JARs that were scanned but no TLDs were found in them. Skipping unneeded JARs during scanning can improve startup time and JSP compilation time.
四月 15, 2021 2:14:25 下午 org.apache.catalina.startup.HostConfig deployDirectory
信息: Deployment of web application directory [E:\gitrepo\tomcat7-vip\catalina-home\webapps\ROOT] has finished in [85] ms
四月 15, 2021 2:14:25 下午 org.apache.coyote.AbstractProtocol start
信息: å¼å§åè®®å¤çå¥æ["http-bio-8080"]
四月 15, 2021 2:14:25 下午 org.apache.coyote.AbstractProtocol start
信息: å¼å§åè®®å¤çå¥æ["ajp-bio-8009"]
四月 15, 2021 2:14:25 下午 org.apache.catalina.startup.Catalina start
信息: Server startup in 5819 ms
四月 15, 2021 2:14:45 下午 org.apache.coyote.AbstractProtocol pause
信息: Pausing ProtocolHandler ["http-bio-8080"]
四月 15, 2021 2:14:45 下午 org.apache.coyote.AbstractProtocol pause
信息: Pausing ProtocolHandler ["ajp-bio-8009"]
四月 15, 2021 2:14:45 下午 org.apache.catalina.core.StandardService stopInternal
信息: Stopping service [Catalina]
四月 15, 2021 2:14:45 下午 org.apache.coyote.AbstractProtocol stop
信息: Stopping ProtocolHandler ["http-bio-8080"]
四月 15, 2021 2:14:45 下午 org.apache.coyote.AbstractProtocol stop
信息: Stopping ProtocolHandler ["ajp-bio-8009"]
四月 15, 2021 2:14:45 下午 org.apache.coyote.AbstractProtocol destroy
信息: æ­£å¨æ§æ¯åè®®å¤çå¨ ["http-bio-8080"]
四月 15, 2021 2:14:45 下午 org.apache.coyote.AbstractProtocol destroy
信息: æ­£å¨æ§æ¯åè®®å¤çå¨ ["ajp-bio-8009"]
四月 15, 2021 2:16:02 下午 org.apache.catalina.startup.ClassLoaderFactory validateFile
警告: Problem with directory [E:\gitrepo\tomcat7-vip\catalina-home\lib], exists: [false], isDirectory: [false], canRead: [false]
四月 15, 2021 2:16:02 下午 org.apache.catalina.startup.ClassLoaderFactory validateFile
警告: Problem with directory [E:\gitrepo\tomcat7-vip\catalina-home\lib], exists: [false], isDirectory: [false], canRead: [false]
四月 15, 2021 2:16:02 下午 org.apache.catalina.startup.ClassLoaderFactory validateFile
警告: Problem with directory [E:\gitrepo\tomcat7-vip\catalina-home\lib], exists: [false], isDirectory: [false], canRead: [false]
四月 15, 2021 2:16:02 下午 org.apache.catalina.startup.ClassLoaderFactory validateFile
警告: Problem with directory [E:\gitrepo\tomcat7-vip\catalina-home\lib], exists: [false], isDirectory: [false], canRead: [false]
四月 15, 2021 2:16:02 下午 org.apache.catalina.startup.Catalina initDirs
严重: Cannot find specified temporary folder at [catalina-home/temp]
四月 15, 2021 2:16:03 下午 org.apache.catalina.startup.VersionLoggerListener log
信息: Server.æå¡å¨çæ¬:        Apache Tomcat/@VERSION@
四月 15, 2021 2:16:03 下午 org.apache.catalina.startup.VersionLoggerListener log
信息: æå¡å¨æå»º:          @VERSION_BUILT@
四月 15, 2021 2:16:03 下午 org.apache.catalina.startup.VersionLoggerListener log
信息: Server version number: @VERSION_NUMBER@
四月 15, 2021 2:16:03 下午 org.apache.catalina.startup.VersionLoggerListener log
信息: OS Name:               Windows 10
四月 15, 2021 2:16:03 下午 org.apache.catalina.startup.VersionLoggerListener log
信息: OS.çæ¬:            10.0
四月 15, 2021 2:16:03 下午 org.apache.catalina.startup.VersionLoggerListener log
信息: æ¶æ:          x86
四月 15, 2021 2:16:03 下午 org.apache.catalina.startup.VersionLoggerListener log
信息: Java ç¯å¢åé:             D:\Program Files (x86)\Java\jdk1.8.0_261\jre
四月 15, 2021 2:16:03 下午 org.apache.catalina.startup.VersionLoggerListener log
信息: JVM çæ¬:           1.8.0_261-b12
四月 15, 2021 2:16:03 下午 org.apache.catalina.startup.VersionLoggerListener log
信息: JVM.ä¾åºå:            Oracle Corporation
四月 15, 2021 2:16:03 下午 org.apache.catalina.startup.VersionLoggerListener log
信息: CATALINA_BASE:         E:\gitrepo\tomcat7-vip\catalina-home
四月 15, 2021 2:16:03 下午 org.apache.catalina.startup.VersionLoggerListener log
信息: CATALINA_HOME:         E:\gitrepo\tomcat7-vip\catalina-home
四月 15, 2021 2:16:03 下午 org.apache.catalina.startup.VersionLoggerListener log
信息: Command line argument: -agentlib:jdwp=transport=dt_socket,address=127.0.0.1:9127,suspend=y,server=n
四月 15, 2021 2:16:03 下午 org.apache.catalina.startup.VersionLoggerListener log
信息: Command line argument: -Dcatalina.home=catalina-home
四月 15, 2021 2:16:03 下午 org.apache.catalina.startup.VersionLoggerListener log
信息: Command line argument: -Dcatalina.base=catalina-home
四月 15, 2021 2:16:03 下午 org.apache.catalina.startup.VersionLoggerListener log
信息: Command line argument: -Djava.endorsed.dirs=catalina-home/endorsed
四月 15, 2021 2:16:03 下午 org.apache.catalina.startup.VersionLoggerListener log
信息: Command line argument: -Djava.io.tmpdir=catalina-home/temp
四月 15, 2021 2:16:03 下午 org.apache.catalina.startup.VersionLoggerListener log
信息: Command line argument: -Djava.util.logging.manager=org.apache.juli.ClassLoaderLogManager
四月 15, 2021 2:16:03 下午 org.apache.catalina.startup.VersionLoggerListener log
信息: Command line argument: -Djava.util.logging.config.file=catalina-home/conf/logging.properties
四月 15, 2021 2:16:03 下午 org.apache.catalina.startup.VersionLoggerListener log
信息: Command line argument: -Dfile.encoding=UTF-8
四月 15, 2021 2:16:03 下午 org.apache.catalina.startup.VersionLoggerListener log
信息: Command line argument: -javaagent:C:\Users\ASUS\.IntelliJIdea2019.3\system\captureAgent\debugger-agent.jar
四月 15, 2021 2:16:03 下午 org.apache.catalina.core.AprLifecycleListener lifecycleEvent
信息: The APR based Apache Tomcat Native library which allows optimal performance in production environments was not found on the java.library.path: [D:\Program Files (x86)\Java\jdk1.8.0_261\bin;C:\WINDOWS\Sun\Java\bin;C:\WINDOWS\system32;C:\WINDOWS;D:\Program Files (x86)\VMware\VMware Workstation\bin\;c:\gtk\bin;D:\Program Files (x86)\Python37-32\Scripts\;D:\Program Files (x86)\Python37-32\;E:\app\ASUS\product\11.2.0\dbhome_3\bin;C:\Program Files (x86)\Intel\iCLS Client\;C:\Program Files\Intel\iCLS Client\;C:\Windows\system32;C:\Windows;C:\Windows\System32\Wbem;C:\Windows\System32\WindowsPowerShell\v1.0\;C:\Program Files (x86)\NVIDIA Corporation\PhysX\Common;C:\Program Files (x86)\Intel\Intel(R) Management Engine Components\DAL;C:\Program Files\Intel\Intel(R) Management Engine Components\DAL;C:\Program Files (x86)\Intel\Intel(R) Management Engine Components\IPT;C:\Program Files\Intel\Intel(R) Management Engine Components\IPT;C:\software\MySQL Server 5.5\bin;C:\WINDOWS\system32;C:\WINDOWS;C:\WINDOWS\System32\Wbem;C:\WINDOWS\System32\WindowsPowerShell\v1.0\;C:\Program Files\Microsoft SQL Server\120\DTS\Binn\;C:\Program Files\Microsoft SQL Server\Client SDK\ODBC\110\Tools\Binn\;C:\Program Files (x86)\Microsoft SQL Server\120\Tools\Binn\;C:\Program Files\Microsoft SQL Server\120\Tools\Binn\;C:\Program Files (x86)\Microsoft SQL Server\120\Tools\Binn\ManagementStudio\;C:\Program Files (x86)\Microsoft SQL Server\120\DTS\Binn\;D:\bigdata\findbugs-3.0.1\bin;D:\bigdata\protobuf-2.5.0\src;D:\bigdata\cmake-3.6.1-win64-x64\bin;D:\cygwin\bin;D:\bigdata\zlib;C:\Program Files (x86)\Windows Kits\8.1\Windows Performance Toolkit\;D:\bigdata\apache-ant-1.9.11\bin;D:\hadoop-2.6.5\bin;C:\WINDOWS\System32\OpenSSH\;C:\Users\ASUS\AppData\Local\Microsoft\WindowsApps;D:\Program Files\JetBrains\IntelliJ IDEA 2018.3\bin;C:\Program Files\NVIDIA Corporation\NVIDIA NvDLISR;C:\WINDOWS\system32;C:\WINDOWS;C:\WINDOWS\System32\Wbem;C:\WINDOWS\System32\WindowsPowerShell\v1.0\;C:\WINDOWS\System32\OpenSSH\;D:\Program Files\Git\cmd;D:\gradle-4.9\bin;D:\Java\jdk1.8.0_261\bin;D:\apache-maven-3.6.3-bin\bin;D:\Chrome\apache-ant-1.10.7-bin\bin;E:\Program Files (x86)\NetSarang\Xftp 7\;D:\Program Files (x86)\scala\bin;C:\Program Files\MySQL\MySQL Server 5.7\bin;D:\Program Files\nodejs\;D:\Program Files\Redis\;C:\Users\ASUS\AppData\Local\Microsoft\WindowsApps;D:\Program Files\JetBrains\IntelliJ IDEA 2019.1.4\bin;C:\Users\ASUS\AppData\Local\BypassRuntm;D:\Program Files\JetBrains\IntelliJ IDEA 2019.3.5\bin;;D:\Program Files\JetBrains\DataGrip 2020.3.1\bin;;C:\Users\ASUS\AppData\Local\Microsoft\WindowsApps;C:\Users\ASUS\AppData\Roaming\npm;.]
四月 15, 2021 2:16:03 下午 org.apache.coyote.AbstractProtocol init
信息: åå§ååè®®å¤çå¨ ["http-bio-8080"]
四月 15, 2021 2:16:03 下午 org.apache.coyote.AbstractProtocol init
信息: åå§ååè®®å¤çå¨ ["ajp-bio-8009"]
四月 15, 2021 2:16:03 下午 org.apache.catalina.startup.Catalina load
信息: Initialization processed in 536 ms
四月 15, 2021 2:16:03 下午 org.apache.catalina.core.StandardService startInternal
信息: Starting service [Catalina]
四月 15, 2021 2:16:03 下午 org.apache.catalina.core.StandardEngine startInternal
信息: Starting Servlet Engine: Apache Tomcat/@VERSION@
四月 15, 2021 2:16:03 下午 org.apache.catalina.startup.HostConfig deployDescriptor
信息: Deploying deployment descriptor [E:\gitrepo\tomcat7-vip\catalina-home\conf\Catalina\localhost\Hello##2.xml]
四月 15, 2021 2:16:05 下午 org.apache.catalina.startup.TldConfig execute
信息: At least one JAR was scanned for TLDs yet contained no TLDs. Enable debug logging for this logger for a complete list of JARs that were scanned but no TLDs were found in them. Skipping unneeded JARs during scanning can improve startup time and JSP compilation time.
四月 15, 2021 2:16:05 下午 org.apache.catalina.util.SessionIdGeneratorBase createSecureRandom
警告: Creation of SecureRandom instance for session ID generation using [SHA1PRNG] took [631] milliseconds.
四月 15, 2021 2:16:05 下午 org.apache.catalina.startup.HostConfig deployDescriptor
信息: Deployment of deployment descriptor [E:\gitrepo\tomcat7-vip\catalina-home\conf\Catalina\localhost\Hello##2.xml] has finished in [2,499] ms
四月 15, 2021 2:16:05 下午 org.apache.catalina.startup.HostConfig deployDescriptor
信息: Deploying deployment descriptor [E:\gitrepo\tomcat7-vip\catalina-home\conf\Catalina\localhost\Hello##3.xml]
四月 15, 2021 2:16:07 下午 org.apache.catalina.startup.TldConfig execute
信息: At least one JAR was scanned for TLDs yet contained no TLDs. Enable debug logging for this logger for a complete list of JARs that were scanned but no TLDs were found in them. Skipping unneeded JARs during scanning can improve startup time and JSP compilation time.
四月 15, 2021 2:16:07 下午 org.apache.catalina.startup.HostConfig deployDescriptor
信息: Deployment of deployment descriptor [E:\gitrepo\tomcat7-vip\catalina-home\conf\Catalina\localhost\Hello##3.xml] has finished in [1,407] ms
四月 15, 2021 2:16:07 下午 org.apache.catalina.startup.HostConfig deployWAR
信息: Deploying web application archive [E:\gitrepo\tomcat7-vip\catalina-home\webapps\demo-servlet.war]
四月 15, 2021 2:16:08 下午 org.apache.catalina.startup.TldConfig execute
信息: At least one JAR was scanned for TLDs yet contained no TLDs. Enable debug logging for this logger for a complete list of JARs that were scanned but no TLDs were found in them. Skipping unneeded JARs during scanning can improve startup time and JSP compilation time.
四月 15, 2021 2:16:08 下午 org.apache.catalina.startup.HostConfig deployWAR
信息: Deployment of web application archive [E:\gitrepo\tomcat7-vip\catalina-home\webapps\demo-servlet.war] has finished in [1,314] ms
四月 15, 2021 2:16:08 下午 org.apache.catalina.startup.HostConfig deployDirectory
信息: æweb åºç¨ç¨åºé¨ç½²å°ç®å½ [E:\gitrepo\tomcat7-vip\catalina-home\webapps\docs]
四月 15, 2021 2:16:08 下午 org.apache.catalina.startup.TldConfig execute
信息: At least one JAR was scanned for TLDs yet contained no TLDs. Enable debug logging for this logger for a complete list of JARs that were scanned but no TLDs were found in them. Skipping unneeded JARs during scanning can improve startup time and JSP compilation time.
四月 15, 2021 2:16:08 下午 org.apache.catalina.startup.HostConfig deployDirectory
信息: Deployment of web application directory [E:\gitrepo\tomcat7-vip\catalina-home\webapps\docs] has finished in [100] ms
四月 15, 2021 2:16:08 下午 org.apache.catalina.startup.HostConfig deployDirectory
信息: æweb åºç¨ç¨åºé¨ç½²å°ç®å½ [E:\gitrepo\tomcat7-vip\catalina-home\webapps\examples]
四月 15, 2021 2:16:08 下午 org.apache.catalina.startup.TldConfig execute
信息: At least one JAR was scanned for TLDs yet contained no TLDs. Enable debug logging for this logger for a complete list of JARs that were scanned but no TLDs were found in them. Skipping unneeded JARs during scanning can improve startup time and JSP compilation time.
四月 15, 2021 2:16:08 下午 org.apache.catalina.core.StandardContext startInternal
严重: One or more listeners failed to start. Full details will be found in the appropriate container log file
四月 15, 2021 2:16:08 下午 org.apache.catalina.core.StandardContext startInternal
严重: Context [/examples] startup failed due to previous errors
四月 15, 2021 2:16:08 下午 org.apache.catalina.startup.HostConfig deployDirectory
信息: Deployment of web application directory [E:\gitrepo\tomcat7-vip\catalina-home\webapps\examples] has finished in [148] ms
四月 15, 2021 2:16:08 下午 org.apache.catalina.startup.HostConfig deployDirectory
信息: æweb åºç¨ç¨åºé¨ç½²å°ç®å½ [E:\gitrepo\tomcat7-vip\catalina-home\webapps\host-manager]
四月 15, 2021 2:16:08 下午 org.apache.catalina.startup.TldConfig execute
信息: At least one JAR was scanned for TLDs yet contained no TLDs. Enable debug logging for this logger for a complete list of JARs that were scanned but no TLDs were found in them. Skipping unneeded JARs during scanning can improve startup time and JSP compilation time.
四月 15, 2021 2:16:08 下午 org.apache.catalina.startup.HostConfig deployDirectory
信息: Deployment of web application directory [E:\gitrepo\tomcat7-vip\catalina-home\webapps\host-manager] has finished in [85] ms
四月 15, 2021 2:16:08 下午 org.apache.catalina.startup.HostConfig deployDirectory
信息: æweb åºç¨ç¨åºé¨ç½²å°ç®å½ [E:\gitrepo\tomcat7-vip\catalina-home\webapps\manager]
四月 15, 2021 2:16:09 下午 org.apache.catalina.startup.TldConfig execute
信息: At least one JAR was scanned for TLDs yet contained no TLDs. Enable debug logging for this logger for a complete list of JARs that were scanned but no TLDs were found in them. Skipping unneeded JARs during scanning can improve startup time and JSP compilation time.
四月 15, 2021 2:16:09 下午 org.apache.catalina.startup.HostConfig deployDirectory
信息: Deployment of web application directory [E:\gitrepo\tomcat7-vip\catalina-home\webapps\manager] has finished in [84] ms
四月 15, 2021 2:16:09 下午 org.apache.catalina.startup.HostConfig deployDirectory
信息: æweb åºç¨ç¨åºé¨ç½²å°ç®å½ [E:\gitrepo\tomcat7-vip\catalina-home\webapps\ROOT]
四月 15, 2021 2:16:09 下午 org.apache.catalina.startup.TldConfig execute
信息: At least one JAR was scanned for TLDs yet contained no TLDs. Enable debug logging for this logger for a complete list of JARs that were scanned but no TLDs were found in them. Skipping unneeded JARs during scanning can improve startup time and JSP compilation time.
四月 15, 2021 2:16:09 下午 org.apache.catalina.startup.HostConfig deployDirectory
信息: Deployment of web application directory [E:\gitrepo\tomcat7-vip\catalina-home\webapps\ROOT] has finished in [84] ms
四月 15, 2021 2:16:09 下午 org.apache.coyote.AbstractProtocol start
信息: å¼å§åè®®å¤çå¥æ["http-bio-8080"]
四月 15, 2021 2:16:09 下午 org.apache.coyote.AbstractProtocol start
信息: å¼å§åè®®å¤çå¥æ["ajp-bio-8009"]
四月 15, 2021 2:16:09 下午 org.apache.catalina.startup.Catalina start
信息: Server startup in 5829 ms
四月 15, 2021 2:16:18 下午 org.apache.coyote.AbstractProtocol pause
信息: Pausing ProtocolHandler ["http-bio-8080"]
四月 15, 2021 2:16:18 下午 org.apache.coyote.AbstractProtocol pause
信息: Pausing ProtocolHandler ["ajp-bio-8009"]
四月 15, 2021 2:16:18 下午 org.apache.catalina.core.StandardService stopInternal
信息: Stopping service [Catalina]
四月 15, 2021 2:16:18 下午 org.apache.coyote.AbstractProtocol stop
信息: Stopping ProtocolHandler ["http-bio-8080"]
四月 15, 2021 2:16:18 下午 org.apache.coyote.AbstractProtocol stop
信息: Stopping ProtocolHandler ["ajp-bio-8009"]
四月 15, 2021 2:16:18 下午 org.apache.coyote.AbstractProtocol destroy
信息: æ­£å¨æ§æ¯åè®®å¤çå¨ ["http-bio-8080"]
四月 15, 2021 2:16:18 下午 org.apache.coyote.AbstractProtocol destroy
信息: æ­£å¨æ§æ¯åè®®å¤çå¨ ["ajp-bio-8009"]
四月 15, 2021 2:16:19 下午 org.apache.catalina.startup.ClassLoaderFactory validateFile
警告: Problem with directory [E:\gitrepo\tomcat7-vip\catalina-home\lib], exists: [false], isDirectory: [false], canRead: [false]
四月 15, 2021 2:16:19 下午 org.apache.catalina.startup.ClassLoaderFactory validateFile
警告: Problem with directory [E:\gitrepo\tomcat7-vip\catalina-home\lib], exists: [false], isDirectory: [false], canRead: [false]
四月 15, 2021 2:16:19 下午 org.apache.catalina.startup.ClassLoaderFactory validateFile
警告: Problem with directory [E:\gitrepo\tomcat7-vip\catalina-home\lib], exists: [false], isDirectory: [false], canRead: [false]
四月 15, 2021 2:16:19 下午 org.apache.catalina.startup.ClassLoaderFactory validateFile
警告: Problem with directory [E:\gitrepo\tomcat7-vip\catalina-home\lib], exists: [false], isDirectory: [false], canRead: [false]
四月 15, 2021 2:16:19 下午 org.apache.catalina.startup.Catalina initDirs
严重: Cannot find specified temporary folder at [catalina-home/temp]
四月 15, 2021 2:16:19 下午 org.apache.catalina.startup.VersionLoggerListener log
信息: Server.æå¡å¨çæ¬:        Apache Tomcat/@VERSION@
四月 15, 2021 2:16:19 下午 org.apache.catalina.startup.VersionLoggerListener log
信息: æå¡å¨æå»º:          @VERSION_BUILT@
四月 15, 2021 2:16:19 下午 org.apache.catalina.startup.VersionLoggerListener log
信息: Server version number: @VERSION_NUMBER@
四月 15, 2021 2:16:19 下午 org.apache.catalina.startup.VersionLoggerListener log
信息: OS Name:               Windows 10
四月 15, 2021 2:16:19 下午 org.apache.catalina.startup.VersionLoggerListener log
信息: OS.çæ¬:            10.0
四月 15, 2021 2:16:19 下午 org.apache.catalina.startup.VersionLoggerListener log
信息: æ¶æ:          x86
四月 15, 2021 2:16:19 下午 org.apache.catalina.startup.VersionLoggerListener log
信息: Java ç¯å¢åé:             D:\Program Files (x86)\Java\jdk1.8.0_261\jre
四月 15, 2021 2:16:19 下午 org.apache.catalina.startup.VersionLoggerListener log
信息: JVM çæ¬:           1.8.0_261-b12
四月 15, 2021 2:16:19 下午 org.apache.catalina.startup.VersionLoggerListener log
信息: JVM.ä¾åºå:            Oracle Corporation
四月 15, 2021 2:16:19 下午 org.apache.catalina.startup.VersionLoggerListener log
信息: CATALINA_BASE:         E:\gitrepo\tomcat7-vip\catalina-home
四月 15, 2021 2:16:19 下午 org.apache.catalina.startup.VersionLoggerListener log
信息: CATALINA_HOME:         E:\gitrepo\tomcat7-vip\catalina-home
四月 15, 2021 2:16:19 下午 org.apache.catalina.startup.VersionLoggerListener log
信息: Command line argument: -agentlib:jdwp=transport=dt_socket,address=127.0.0.1:9142,suspend=y,server=n
四月 15, 2021 2:16:19 下午 org.apache.catalina.startup.VersionLoggerListener log
信息: Command line argument: -Dcatalina.home=catalina-home
四月 15, 2021 2:16:19 下午 org.apache.catalina.startup.VersionLoggerListener log
信息: Command line argument: -Dcatalina.base=catalina-home
四月 15, 2021 2:16:19 下午 org.apache.catalina.startup.VersionLoggerListener log
信息: Command line argument: -Djava.endorsed.dirs=catalina-home/endorsed
四月 15, 2021 2:16:19 下午 org.apache.catalina.startup.VersionLoggerListener log
信息: Command line argument: -Djava.io.tmpdir=catalina-home/temp
四月 15, 2021 2:16:19 下午 org.apache.catalina.startup.VersionLoggerListener log
信息: Command line argument: -Djava.util.logging.manager=org.apache.juli.ClassLoaderLogManager
四月 15, 2021 2:16:19 下午 org.apache.catalina.startup.VersionLoggerListener log
信息: Command line argument: -Djava.util.logging.config.file=catalina-home/conf/logging.properties
四月 15, 2021 2:16:19 下午 org.apache.catalina.startup.VersionLoggerListener log
信息: Command line argument: -Dfile.encoding=GBK
四月 15, 2021 2:16:19 下午 org.apache.catalina.startup.VersionLoggerListener log
信息: Command line argument: -javaagent:C:\Users\ASUS\.IntelliJIdea2019.3\system\captureAgent\debugger-agent.jar
四月 15, 2021 2:16:19 下午 org.apache.catalina.core.AprLifecycleListener lifecycleEvent
信息: The APR based Apache Tomcat Native library which allows optimal performance in production environments was not found on the java.library.path: [D:\Program Files (x86)\Java\jdk1.8.0_261\bin;C:\WINDOWS\Sun\Java\bin;C:\WINDOWS\system32;C:\WINDOWS;D:\Program Files (x86)\VMware\VMware Workstation\bin\;c:\gtk\bin;D:\Program Files (x86)\Python37-32\Scripts\;D:\Program Files (x86)\Python37-32\;E:\app\ASUS\product\11.2.0\dbhome_3\bin;C:\Program Files (x86)\Intel\iCLS Client\;C:\Program Files\Intel\iCLS Client\;C:\Windows\system32;C:\Windows;C:\Windows\System32\Wbem;C:\Windows\System32\WindowsPowerShell\v1.0\;C:\Program Files (x86)\NVIDIA Corporation\PhysX\Common;C:\Program Files (x86)\Intel\Intel(R) Management Engine Components\DAL;C:\Program Files\Intel\Intel(R) Management Engine Components\DAL;C:\Program Files (x86)\Intel\Intel(R) Management Engine Components\IPT;C:\Program Files\Intel\Intel(R) Management Engine Components\IPT;C:\software\MySQL Server 5.5\bin;C:\WINDOWS\system32;C:\WINDOWS;C:\WINDOWS\System32\Wbem;C:\WINDOWS\System32\WindowsPowerShell\v1.0\;C:\Program Files\Microsoft SQL Server\120\DTS\Binn\;C:\Program Files\Microsoft SQL Server\Client SDK\ODBC\110\Tools\Binn\;C:\Program Files (x86)\Microsoft SQL Server\120\Tools\Binn\;C:\Program Files\Microsoft SQL Server\120\Tools\Binn\;C:\Program Files (x86)\Microsoft SQL Server\120\Tools\Binn\ManagementStudio\;C:\Program Files (x86)\Microsoft SQL Server\120\DTS\Binn\;D:\bigdata\findbugs-3.0.1\bin;D:\bigdata\protobuf-2.5.0\src;D:\bigdata\cmake-3.6.1-win64-x64\bin;D:\cygwin\bin;D:\bigdata\zlib;C:\Program Files (x86)\Windows Kits\8.1\Windows Performance Toolkit\;D:\bigdata\apache-ant-1.9.11\bin;D:\hadoop-2.6.5\bin;C:\WINDOWS\System32\OpenSSH\;C:\Users\ASUS\AppData\Local\Microsoft\WindowsApps;D:\Program Files\JetBrains\IntelliJ IDEA 2018.3\bin;C:\Program Files\NVIDIA Corporation\NVIDIA NvDLISR;C:\WINDOWS\system32;C:\WINDOWS;C:\WINDOWS\System32\Wbem;C:\WINDOWS\System32\WindowsPowerShell\v1.0\;C:\WINDOWS\System32\OpenSSH\;D:\Program Files\Git\cmd;D:\gradle-4.9\bin;D:\Java\jdk1.8.0_261\bin;D:\apache-maven-3.6.3-bin\bin;D:\Chrome\apache-ant-1.10.7-bin\bin;E:\Program Files (x86)\NetSarang\Xftp 7\;D:\Program Files (x86)\scala\bin;C:\Program Files\MySQL\MySQL Server 5.7\bin;D:\Program Files\nodejs\;D:\Program Files\Redis\;C:\Users\ASUS\AppData\Local\Microsoft\WindowsApps;D:\Program Files\JetBrains\IntelliJ IDEA 2019.1.4\bin;C:\Users\ASUS\AppData\Local\BypassRuntm;D:\Program Files\JetBrains\IntelliJ IDEA 2019.3.5\bin;;D:\Program Files\JetBrains\DataGrip 2020.3.1\bin;;C:\Users\ASUS\AppData\Local\Microsoft\WindowsApps;C:\Users\ASUS\AppData\Roaming\npm;.]
四月 15, 2021 2:16:20 下午 org.apache.coyote.AbstractProtocol init
信息: åå§ååè®®å¤çå¨ ["http-bio-8080"]
四月 15, 2021 2:16:20 下午 org.apache.coyote.AbstractProtocol init
信息: åå§ååè®®å¤çå¨ ["ajp-bio-8009"]
四月 15, 2021 2:16:20 下午 org.apache.catalina.startup.Catalina load
信息: Initialization processed in 646 ms
四月 15, 2021 2:16:20 下午 org.apache.catalina.core.StandardService startInternal
信息: Starting service [Catalina]
四月 15, 2021 2:16:20 下午 org.apache.catalina.core.StandardEngine startInternal
信息: Starting Servlet Engine: Apache Tomcat/@VERSION@
四月 15, 2021 2:16:20 下午 org.apache.catalina.startup.HostConfig deployDescriptor
信息: Deploying deployment descriptor [E:\gitrepo\tomcat7-vip\catalina-home\conf\Catalina\localhost\Hello##2.xml]
四月 15, 2021 2:16:21 下午 org.apache.catalina.startup.TldConfig execute
信息: At least one JAR was scanned for TLDs yet contained no TLDs. Enable debug logging for this logger for a complete list of JARs that were scanned but no TLDs were found in them. Skipping unneeded JARs during scanning can improve startup time and JSP compilation time.
四月 15, 2021 2:16:22 下午 org.apache.catalina.util.SessionIdGeneratorBase createSecureRandom
警告: Creation of SecureRandom instance for session ID generation using [SHA1PRNG] took [617] milliseconds.
四月 15, 2021 2:16:22 下午 org.apache.catalina.startup.HostConfig deployDescriptor
信息: Deployment of deployment descriptor [E:\gitrepo\tomcat7-vip\catalina-home\conf\Catalina\localhost\Hello##2.xml] has finished in [2,459] ms
四月 15, 2021 2:16:22 下午 org.apache.catalina.startup.HostConfig deployDescriptor
信息: Deploying deployment descriptor [E:\gitrepo\tomcat7-vip\catalina-home\conf\Catalina\localhost\Hello##3.xml]
四月 15, 2021 2:16:24 下午 org.apache.catalina.startup.TldConfig execute
信息: At least one JAR was scanned for TLDs yet contained no TLDs. Enable debug logging for this logger for a complete list of JARs that were scanned but no TLDs were found in them. Skipping unneeded JARs during scanning can improve startup time and JSP compilation time.
四月 15, 2021 2:16:24 下午 org.apache.catalina.startup.HostConfig deployDescriptor
信息: Deployment of deployment descriptor [E:\gitrepo\tomcat7-vip\catalina-home\conf\Catalina\localhost\Hello##3.xml] has finished in [1,397] ms
四月 15, 2021 2:16:24 下午 org.apache.catalina.startup.HostConfig deployWAR
信息: Deploying web application archive [E:\gitrepo\tomcat7-vip\catalina-home\webapps\demo-servlet.war]
四月 15, 2021 2:16:25 下午 org.apache.catalina.startup.TldConfig execute
信息: At least one JAR was scanned for TLDs yet contained no TLDs. Enable debug logging for this logger for a complete list of JARs that were scanned but no TLDs were found in them. Skipping unneeded JARs during scanning can improve startup time and JSP compilation time.
四月 15, 2021 2:16:25 下午 org.apache.catalina.startup.HostConfig deployWAR
信息: Deployment of web application archive [E:\gitrepo\tomcat7-vip\catalina-home\webapps\demo-servlet.war] has finished in [1,313] ms
四月 15, 2021 2:16:25 下午 org.apache.catalina.startup.HostConfig deployDirectory
信息: æweb åºç¨ç¨åºé¨ç½²å°ç®å½ [E:\gitrepo\tomcat7-vip\catalina-home\webapps\docs]
四月 15, 2021 2:16:25 下午 org.apache.catalina.startup.TldConfig execute
信息: At least one JAR was scanned for TLDs yet contained no TLDs. Enable debug logging for this logger for a complete list of JARs that were scanned but no TLDs were found in them. Skipping unneeded JARs during scanning can improve startup time and JSP compilation time.
四月 15, 2021 2:16:25 下午 org.apache.catalina.startup.HostConfig deployDirectory
信息: Deployment of web application directory [E:\gitrepo\tomcat7-vip\catalina-home\webapps\docs] has finished in [86] ms
四月 15, 2021 2:16:25 下午 org.apache.catalina.startup.HostConfig deployDirectory
信息: æweb åºç¨ç¨åºé¨ç½²å°ç®å½ [E:\gitrepo\tomcat7-vip\catalina-home\webapps\examples]
四月 15, 2021 2:16:25 下午 org.apache.catalina.startup.TldConfig execute
信息: At least one JAR was scanned for TLDs yet contained no TLDs. Enable debug logging for this logger for a complete list of JARs that were scanned but no TLDs were found in them. Skipping unneeded JARs during scanning can improve startup time and JSP compilation time.
四月 15, 2021 2:16:25 下午 org.apache.catalina.core.StandardContext startInternal
严重: One or more listeners failed to start. Full details will be found in the appropriate container log file
四月 15, 2021 2:16:25 下午 org.apache.catalina.core.StandardContext startInternal
严重: Context [/examples] startup failed due to previous errors
四月 15, 2021 2:16:25 下午 org.apache.catalina.startup.HostConfig deployDirectory
信息: Deployment of web application directory [E:\gitrepo\tomcat7-vip\catalina-home\webapps\examples] has finished in [157] ms
四月 15, 2021 2:16:25 下午 org.apache.catalina.startup.HostConfig deployDirectory
信息: æweb åºç¨ç¨åºé¨ç½²å°ç®å½ [E:\gitrepo\tomcat7-vip\catalina-home\webapps\host-manager]
四月 15, 2021 2:16:25 下午 org.apache.catalina.startup.TldConfig execute
信息: At least one JAR was scanned for TLDs yet contained no TLDs. Enable debug logging for this logger for a complete list of JARs that were scanned but no TLDs were found in them. Skipping unneeded JARs during scanning can improve startup time and JSP compilation time.
四月 15, 2021 2:16:25 下午 org.apache.catalina.startup.HostConfig deployDirectory
信息: Deployment of web application directory [E:\gitrepo\tomcat7-vip\catalina-home\webapps\host-manager] has finished in [100] ms
四月 15, 2021 2:16:25 下午 org.apache.catalina.startup.HostConfig deployDirectory
信息: æweb åºç¨ç¨åºé¨ç½²å°ç®å½ [E:\gitrepo\tomcat7-vip\catalina-home\webapps\manager]
四月 15, 2021 2:16:25 下午 org.apache.catalina.startup.TldConfig execute
信息: At least one JAR was scanned for TLDs yet contained no TLDs. Enable debug logging for this logger for a complete list of JARs that were scanned but no TLDs were found in them. Skipping unneeded JARs during scanning can improve startup time and JSP compilation time.
四月 15, 2021 2:16:25 下午 org.apache.catalina.startup.HostConfig deployDirectory
信息: Deployment of web application directory [E:\gitrepo\tomcat7-vip\catalina-home\webapps\manager] has finished in [85] ms
四月 15, 2021 2:16:25 下午 org.apache.catalina.startup.HostConfig deployDirectory
信息: æweb åºç¨ç¨åºé¨ç½²å°ç®å½ [E:\gitrepo\tomcat7-vip\catalina-home\webapps\ROOT]
四月 15, 2021 2:16:25 下午 org.apache.catalina.startup.TldConfig execute
信息: At least one JAR was scanned for TLDs yet contained no TLDs. Enable debug logging for this logger for a complete list of JARs that were scanned but no TLDs were found in them. Skipping unneeded JARs during scanning can improve startup time and JSP compilation time.
四月 15, 2021 2:16:25 下午 org.apache.catalina.startup.HostConfig deployDirectory
信息: Deployment of web application directory [E:\gitrepo\tomcat7-vip\catalina-home\webapps\ROOT] has finished in [84] ms
四月 15, 2021 2:16:25 下午 org.apache.coyote.AbstractProtocol start
信息: å¼å§åè®®å¤çå¥æ["http-bio-8080"]
四月 15, 2021 2:16:25 下午 org.apache.coyote.AbstractProtocol start
信息: å¼å§åè®®å¤çå¥æ["ajp-bio-8009"]
四月 15, 2021 2:16:25 下午 org.apache.catalina.startup.Catalina start
信息: Server startup in 5753 ms
四月 15, 2021 2:16:32 下午 org.apache.coyote.AbstractProtocol pause
信息: Pausing ProtocolHandler ["http-bio-8080"]
四月 15, 2021 2:16:32 下午 org.apache.coyote.AbstractProtocol pause
信息: Pausing ProtocolHandler ["ajp-bio-8009"]
四月 15, 2021 2:16:32 下午 org.apache.catalina.core.StandardService stopInternal
信息: Stopping service [Catalina]
四月 15, 2021 2:16:32 下午 org.apache.coyote.AbstractProtocol stop
信息: Stopping ProtocolHandler ["http-bio-8080"]
四月 15, 2021 2:16:32 下午 org.apache.coyote.AbstractProtocol stop
信息: Stopping ProtocolHandler ["ajp-bio-8009"]
四月 15, 2021 2:16:32 下午 org.apache.coyote.AbstractProtocol destroy
信息: æ­£å¨æ§æ¯åè®®å¤çå¨ ["http-bio-8080"]
四月 15, 2021 2:16:32 下午 org.apache.coyote.AbstractProtocol destroy
信息: æ­£å¨æ§æ¯åè®®å¤çå¨ ["ajp-bio-8009"]
