九月 10, 2021 10:19:45 上午 org.apache.catalina.core.StandardContext listenerStart
严重: éç½®åºç¨ç¨åºçå¬å¨[listeners.ContextListener]éè¯¯
java.lang.ClassNotFoundException: listeners.ContextListener
	at org.apache.catalina.loader.WebappClassLoaderBase.loadClass(WebappClassLoaderBase.java:1998)
	at org.apache.catalina.loader.WebappClassLoaderBase.loadClass(WebappClassLoaderBase.java:1828)
	at org.apache.catalina.core.DefaultInstanceManager.loadClass(DefaultInstanceManager.java:540)
	at org.apache.catalina.core.DefaultInstanceManager.loadClassMaybePrivileged(DefaultInstanceManager.java:518)
	at org.apache.catalina.core.DefaultInstanceManager.newInstance(DefaultInstanceManager.java:148)
	at org.apache.catalina.core.StandardContext.listenerStart(StandardContext.java:5127)
	at org.apache.catalina.core.StandardContext.startInternal(StandardContext.java:5771)
	at org.apache.catalina.util.LifecycleBase.start(LifecycleBase.java:145)
	at org.apache.catalina.core.ContainerBase.addChildInternal(ContainerBase.java:1026)
	at org.apache.catalina.core.ContainerBase.addChild(ContainerBase.java:998)
	at org.apache.catalina.core.StandardHost.addChild(StandardHost.java:664)
	at org.apache.catalina.startup.HostConfig.deployDirectory(HostConfig.java:1291)
	at org.apache.catalina.startup.HostConfig$DeployDirectory.run(HostConfig.java:2083)
	at java.util.concurrent.Executors$RunnableAdapter.call(Executors.java:511)
	at java.util.concurrent.FutureTask.run$$$capture(FutureTask.java:266)
	at java.util.concurrent.FutureTask.run(FutureTask.java)
	at java.util.concurrent.ThreadPoolExecutor.runWorker(ThreadPoolExecutor.java:1149)
	at java.util.concurrent.ThreadPoolExecutor$Worker.run(ThreadPoolExecutor.java:624)
	at java.lang.Thread.run(Thread.java:748)

九月 10, 2021 10:19:45 上午 org.apache.catalina.core.StandardContext listenerStart
严重: éç½®åºç¨ç¨åºçå¬å¨[listeners.SessionListener]éè¯¯
java.lang.ClassNotFoundException: listeners.SessionListener
	at org.apache.catalina.loader.WebappClassLoaderBase.loadClass(WebappClassLoaderBase.java:1998)
	at org.apache.catalina.loader.WebappClassLoaderBase.loadClass(WebappClassLoaderBase.java:1828)
	at org.apache.catalina.core.DefaultInstanceManager.loadClass(DefaultInstanceManager.java:540)
	at org.apache.catalina.core.DefaultInstanceManager.loadClassMaybePrivileged(DefaultInstanceManager.java:518)
	at org.apache.catalina.core.DefaultInstanceManager.newInstance(DefaultInstanceManager.java:148)
	at org.apache.catalina.core.StandardContext.listenerStart(StandardContext.java:5127)
	at org.apache.catalina.core.StandardContext.startInternal(StandardContext.java:5771)
	at org.apache.catalina.util.LifecycleBase.start(LifecycleBase.java:145)
	at org.apache.catalina.core.ContainerBase.addChildInternal(ContainerBase.java:1026)
	at org.apache.catalina.core.ContainerBase.addChild(ContainerBase.java:998)
	at org.apache.catalina.core.StandardHost.addChild(StandardHost.java:664)
	at org.apache.catalina.startup.HostConfig.deployDirectory(HostConfig.java:1291)
	at org.apache.catalina.startup.HostConfig$DeployDirectory.run(HostConfig.java:2083)
	at java.util.concurrent.Executors$RunnableAdapter.call(Executors.java:511)
	at java.util.concurrent.FutureTask.run$$$capture(FutureTask.java:266)
	at java.util.concurrent.FutureTask.run(FutureTask.java)
	at java.util.concurrent.ThreadPoolExecutor.runWorker(ThreadPoolExecutor.java:1149)
	at java.util.concurrent.ThreadPoolExecutor$Worker.run(ThreadPoolExecutor.java:624)
	at java.lang.Thread.run(Thread.java:748)

九月 10, 2021 10:19:46 上午 org.apache.catalina.core.StandardContext listenerStart
严重: éç½®åºç¨ç¨åºçå¬å¨[async.AsyncStockContextListener]éè¯¯
java.lang.ClassNotFoundException: async.AsyncStockContextListener
	at org.apache.catalina.loader.WebappClassLoaderBase.loadClass(WebappClassLoaderBase.java:1998)
	at org.apache.catalina.loader.WebappClassLoaderBase.loadClass(WebappClassLoaderBase.java:1828)
	at org.apache.catalina.core.DefaultInstanceManager.loadClass(DefaultInstanceManager.java:540)
	at org.apache.catalina.core.DefaultInstanceManager.loadClassMaybePrivileged(DefaultInstanceManager.java:518)
	at org.apache.catalina.core.DefaultInstanceManager.newInstance(DefaultInstanceManager.java:148)
	at org.apache.catalina.core.StandardContext.listenerStart(StandardContext.java:5127)
	at org.apache.catalina.core.StandardContext.startInternal(StandardContext.java:5771)
	at org.apache.catalina.util.LifecycleBase.start(LifecycleBase.java:145)
	at org.apache.catalina.core.ContainerBase.addChildInternal(ContainerBase.java:1026)
	at org.apache.catalina.core.ContainerBase.addChild(ContainerBase.java:998)
	at org.apache.catalina.core.StandardHost.addChild(StandardHost.java:664)
	at org.apache.catalina.startup.HostConfig.deployDirectory(HostConfig.java:1291)
	at org.apache.catalina.startup.HostConfig$DeployDirectory.run(HostConfig.java:2083)
	at java.util.concurrent.Executors$RunnableAdapter.call(Executors.java:511)
	at java.util.concurrent.FutureTask.run$$$capture(FutureTask.java:266)
	at java.util.concurrent.FutureTask.run(FutureTask.java)
	at java.util.concurrent.ThreadPoolExecutor.runWorker(ThreadPoolExecutor.java:1149)
	at java.util.concurrent.ThreadPoolExecutor$Worker.run(ThreadPoolExecutor.java:624)
	at java.lang.Thread.run(Thread.java:748)

九月 10, 2021 10:19:46 上午 org.apache.catalina.core.StandardContext listenerStart
严重: éç½®åºç¨ç¨åºçå¬å¨[websocket.drawboard.DrawboardContextListener]éè¯¯
java.lang.ClassNotFoundException: websocket.drawboard.DrawboardContextListener
	at org.apache.catalina.loader.WebappClassLoaderBase.loadClass(WebappClassLoaderBase.java:1998)
	at org.apache.catalina.loader.WebappClassLoaderBase.loadClass(WebappClassLoaderBase.java:1828)
	at org.apache.catalina.core.DefaultInstanceManager.loadClass(DefaultInstanceManager.java:540)
	at org.apache.catalina.core.DefaultInstanceManager.loadClassMaybePrivileged(DefaultInstanceManager.java:518)
	at org.apache.catalina.core.DefaultInstanceManager.newInstance(DefaultInstanceManager.java:148)
	at org.apache.catalina.core.StandardContext.listenerStart(StandardContext.java:5127)
	at org.apache.catalina.core.StandardContext.startInternal(StandardContext.java:5771)
	at org.apache.catalina.util.LifecycleBase.start(LifecycleBase.java:145)
	at org.apache.catalina.core.ContainerBase.addChildInternal(ContainerBase.java:1026)
	at org.apache.catalina.core.ContainerBase.addChild(ContainerBase.java:998)
	at org.apache.catalina.core.StandardHost.addChild(StandardHost.java:664)
	at org.apache.catalina.startup.HostConfig.deployDirectory(HostConfig.java:1291)
	at org.apache.catalina.startup.HostConfig$DeployDirectory.run(HostConfig.java:2083)
	at java.util.concurrent.Executors$RunnableAdapter.call(Executors.java:511)
	at java.util.concurrent.FutureTask.run$$$capture(FutureTask.java:266)
	at java.util.concurrent.FutureTask.run(FutureTask.java)
	at java.util.concurrent.ThreadPoolExecutor.runWorker(ThreadPoolExecutor.java:1149)
	at java.util.concurrent.ThreadPoolExecutor$Worker.run(ThreadPoolExecutor.java:624)
	at java.lang.Thread.run(Thread.java:748)

九月 10, 2021 10:19:46 上午 org.apache.catalina.core.StandardContext listenerStart
严重: Skipped installing application listeners due to previous error(s)
九月 10, 2021 10:22:13 上午 org.apache.catalina.core.StandardWrapperValve invoke
严重: Servlet.service() for servlet [testServlet] in context with path [/demo-servlet] threw exception
java.lang.NumberFormatException: null
	at java.lang.Integer.parseInt(Integer.java:542)
	at java.lang.Integer.valueOf(Integer.java:766)
	at TestServlet.service(TestServlet.java:19)
	at javax.servlet.http.HttpServlet.service(HttpServlet.java:728)
	at org.apache.catalina.core.ApplicationFilterChain.internalDoFilter(ApplicationFilterChain.java:299)
	at org.apache.catalina.core.ApplicationFilterChain.doFilter(ApplicationFilterChain.java:202)
	at org.apache.catalina.core.StandardWrapperValve.invoke(StandardWrapperValve.java:224)
	at org.apache.catalina.core.StandardContextValve.invoke(StandardContextValve.java:110)
	at org.apache.catalina.authenticator.AuthenticatorBase.invoke(AuthenticatorBase.java:479)
	at org.apache.catalina.core.StandardHostValve.invoke(StandardHostValve.java:165)
	at org.apache.catalina.valves.ErrorReportValve.invoke(ErrorReportValve.java:104)
	at org.apache.catalina.valves.AccessLogValve.invoke(AccessLogValve.java:1025)
	at org.apache.catalina.core.StandardEngineValve.invoke(StandardEngineValve.java:117)
	at org.apache.catalina.connector.CoyoteAdapter.service(CoyoteAdapter.java:469)
	at org.apache.coyote.http11.AbstractHttp11Processor.process(AbstractHttp11Processor.java:1177)
	at org.apache.coyote.AbstractProtocol$AbstractConnectionHandler.process(AbstractProtocol.java:664)
	at org.apache.tomcat.util.net.JIoEndpoint$SocketProcessor.run(JIoEndpoint.java:330)
	at java.util.concurrent.ThreadPoolExecutor.runWorker(ThreadPoolExecutor.java:1149)
	at java.util.concurrent.ThreadPoolExecutor$Worker.run(ThreadPoolExecutor.java:624)
	at org.apache.tomcat.util.threads.TaskThread$WrappingRunnable.run(TaskThread.java:61)
	at java.lang.Thread.run(Thread.java:748)

九月 10, 2021 10:22:35 上午 org.apache.catalina.core.StandardContext listenerStart
严重: éç½®åºç¨ç¨åºçå¬å¨[listeners.ContextListener]éè¯¯
java.lang.ClassNotFoundException: listeners.ContextListener
	at org.apache.catalina.loader.WebappClassLoaderBase.loadClass(WebappClassLoaderBase.java:1998)
	at org.apache.catalina.loader.WebappClassLoaderBase.loadClass(WebappClassLoaderBase.java:1828)
	at org.apache.catalina.core.DefaultInstanceManager.loadClass(DefaultInstanceManager.java:540)
	at org.apache.catalina.core.DefaultInstanceManager.loadClassMaybePrivileged(DefaultInstanceManager.java:518)
	at org.apache.catalina.core.DefaultInstanceManager.newInstance(DefaultInstanceManager.java:148)
	at org.apache.catalina.core.StandardContext.listenerStart(StandardContext.java:5127)
	at org.apache.catalina.core.StandardContext.startInternal(StandardContext.java:5771)
	at org.apache.catalina.util.LifecycleBase.start(LifecycleBase.java:145)
	at org.apache.catalina.core.ContainerBase.addChildInternal(ContainerBase.java:1026)
	at org.apache.catalina.core.ContainerBase.addChild(ContainerBase.java:998)
	at org.apache.catalina.core.StandardHost.addChild(StandardHost.java:664)
	at org.apache.catalina.startup.HostConfig.deployDirectory(HostConfig.java:1291)
	at org.apache.catalina.startup.HostConfig$DeployDirectory.run(HostConfig.java:2083)
	at java.util.concurrent.Executors$RunnableAdapter.call(Executors.java:511)
	at java.util.concurrent.FutureTask.run$$$capture(FutureTask.java:266)
	at java.util.concurrent.FutureTask.run(FutureTask.java)
	at java.util.concurrent.ThreadPoolExecutor.runWorker(ThreadPoolExecutor.java:1149)
	at java.util.concurrent.ThreadPoolExecutor$Worker.run(ThreadPoolExecutor.java:624)
	at java.lang.Thread.run(Thread.java:748)

九月 10, 2021 10:22:35 上午 org.apache.catalina.core.StandardContext listenerStart
严重: éç½®åºç¨ç¨åºçå¬å¨[listeners.SessionListener]éè¯¯
java.lang.ClassNotFoundException: listeners.SessionListener
	at org.apache.catalina.loader.WebappClassLoaderBase.loadClass(WebappClassLoaderBase.java:1998)
	at org.apache.catalina.loader.WebappClassLoaderBase.loadClass(WebappClassLoaderBase.java:1828)
	at org.apache.catalina.core.DefaultInstanceManager.loadClass(DefaultInstanceManager.java:540)
	at org.apache.catalina.core.DefaultInstanceManager.loadClassMaybePrivileged(DefaultInstanceManager.java:518)
	at org.apache.catalina.core.DefaultInstanceManager.newInstance(DefaultInstanceManager.java:148)
	at org.apache.catalina.core.StandardContext.listenerStart(StandardContext.java:5127)
	at org.apache.catalina.core.StandardContext.startInternal(StandardContext.java:5771)
	at org.apache.catalina.util.LifecycleBase.start(LifecycleBase.java:145)
	at org.apache.catalina.core.ContainerBase.addChildInternal(ContainerBase.java:1026)
	at org.apache.catalina.core.ContainerBase.addChild(ContainerBase.java:998)
	at org.apache.catalina.core.StandardHost.addChild(StandardHost.java:664)
	at org.apache.catalina.startup.HostConfig.deployDirectory(HostConfig.java:1291)
	at org.apache.catalina.startup.HostConfig$DeployDirectory.run(HostConfig.java:2083)
	at java.util.concurrent.Executors$RunnableAdapter.call(Executors.java:511)
	at java.util.concurrent.FutureTask.run$$$capture(FutureTask.java:266)
	at java.util.concurrent.FutureTask.run(FutureTask.java)
	at java.util.concurrent.ThreadPoolExecutor.runWorker(ThreadPoolExecutor.java:1149)
	at java.util.concurrent.ThreadPoolExecutor$Worker.run(ThreadPoolExecutor.java:624)
	at java.lang.Thread.run(Thread.java:748)

九月 10, 2021 10:22:35 上午 org.apache.catalina.core.StandardContext listenerStart
严重: éç½®åºç¨ç¨åºçå¬å¨[async.AsyncStockContextListener]éè¯¯
java.lang.ClassNotFoundException: async.AsyncStockContextListener
	at org.apache.catalina.loader.WebappClassLoaderBase.loadClass(WebappClassLoaderBase.java:1998)
	at org.apache.catalina.loader.WebappClassLoaderBase.loadClass(WebappClassLoaderBase.java:1828)
	at org.apache.catalina.core.DefaultInstanceManager.loadClass(DefaultInstanceManager.java:540)
	at org.apache.catalina.core.DefaultInstanceManager.loadClassMaybePrivileged(DefaultInstanceManager.java:518)
	at org.apache.catalina.core.DefaultInstanceManager.newInstance(DefaultInstanceManager.java:148)
	at org.apache.catalina.core.StandardContext.listenerStart(StandardContext.java:5127)
	at org.apache.catalina.core.StandardContext.startInternal(StandardContext.java:5771)
	at org.apache.catalina.util.LifecycleBase.start(LifecycleBase.java:145)
	at org.apache.catalina.core.ContainerBase.addChildInternal(ContainerBase.java:1026)
	at org.apache.catalina.core.ContainerBase.addChild(ContainerBase.java:998)
	at org.apache.catalina.core.StandardHost.addChild(StandardHost.java:664)
	at org.apache.catalina.startup.HostConfig.deployDirectory(HostConfig.java:1291)
	at org.apache.catalina.startup.HostConfig$DeployDirectory.run(HostConfig.java:2083)
	at java.util.concurrent.Executors$RunnableAdapter.call(Executors.java:511)
	at java.util.concurrent.FutureTask.run$$$capture(FutureTask.java:266)
	at java.util.concurrent.FutureTask.run(FutureTask.java)
	at java.util.concurrent.ThreadPoolExecutor.runWorker(ThreadPoolExecutor.java:1149)
	at java.util.concurrent.ThreadPoolExecutor$Worker.run(ThreadPoolExecutor.java:624)
	at java.lang.Thread.run(Thread.java:748)

九月 10, 2021 10:22:35 上午 org.apache.catalina.core.StandardContext listenerStart
严重: éç½®åºç¨ç¨åºçå¬å¨[websocket.drawboard.DrawboardContextListener]éè¯¯
java.lang.ClassNotFoundException: websocket.drawboard.DrawboardContextListener
	at org.apache.catalina.loader.WebappClassLoaderBase.loadClass(WebappClassLoaderBase.java:1998)
	at org.apache.catalina.loader.WebappClassLoaderBase.loadClass(WebappClassLoaderBase.java:1828)
	at org.apache.catalina.core.DefaultInstanceManager.loadClass(DefaultInstanceManager.java:540)
	at org.apache.catalina.core.DefaultInstanceManager.loadClassMaybePrivileged(DefaultInstanceManager.java:518)
	at org.apache.catalina.core.DefaultInstanceManager.newInstance(DefaultInstanceManager.java:148)
	at org.apache.catalina.core.StandardContext.listenerStart(StandardContext.java:5127)
	at org.apache.catalina.core.StandardContext.startInternal(StandardContext.java:5771)
	at org.apache.catalina.util.LifecycleBase.start(LifecycleBase.java:145)
	at org.apache.catalina.core.ContainerBase.addChildInternal(ContainerBase.java:1026)
	at org.apache.catalina.core.ContainerBase.addChild(ContainerBase.java:998)
	at org.apache.catalina.core.StandardHost.addChild(StandardHost.java:664)
	at org.apache.catalina.startup.HostConfig.deployDirectory(HostConfig.java:1291)
	at org.apache.catalina.startup.HostConfig$DeployDirectory.run(HostConfig.java:2083)
	at java.util.concurrent.Executors$RunnableAdapter.call(Executors.java:511)
	at java.util.concurrent.FutureTask.run$$$capture(FutureTask.java:266)
	at java.util.concurrent.FutureTask.run(FutureTask.java)
	at java.util.concurrent.ThreadPoolExecutor.runWorker(ThreadPoolExecutor.java:1149)
	at java.util.concurrent.ThreadPoolExecutor$Worker.run(ThreadPoolExecutor.java:624)
	at java.lang.Thread.run(Thread.java:748)

九月 10, 2021 10:22:35 上午 org.apache.catalina.core.StandardContext listenerStart
严重: Skipped installing application listeners due to previous error(s)
九月 10, 2021 10:22:48 上午 org.apache.catalina.core.StandardWrapperValve invoke
严重: Servlet.service() for servlet [testServlet] in context with path [/demo-servlet] threw exception
java.lang.NumberFormatException: null
	at java.lang.Integer.parseInt(Integer.java:542)
	at java.lang.Integer.valueOf(Integer.java:766)
	at TestServlet.service(TestServlet.java:19)
	at javax.servlet.http.HttpServlet.service(HttpServlet.java:728)
	at org.apache.catalina.core.ApplicationFilterChain.internalDoFilter(ApplicationFilterChain.java:299)
	at org.apache.catalina.core.ApplicationFilterChain.doFilter(ApplicationFilterChain.java:202)
	at org.apache.catalina.core.StandardWrapperValve.invoke(StandardWrapperValve.java:224)
	at org.apache.catalina.core.StandardContextValve.invoke(StandardContextValve.java:110)
	at org.apache.catalina.authenticator.AuthenticatorBase.invoke(AuthenticatorBase.java:479)
	at org.apache.catalina.core.StandardHostValve.invoke(StandardHostValve.java:165)
	at org.apache.catalina.valves.ErrorReportValve.invoke(ErrorReportValve.java:104)
	at org.apache.catalina.valves.AccessLogValve.invoke(AccessLogValve.java:1025)
	at org.apache.catalina.core.StandardEngineValve.invoke(StandardEngineValve.java:117)
	at org.apache.catalina.connector.CoyoteAdapter.service(CoyoteAdapter.java:469)
	at org.apache.coyote.http11.AbstractHttp11Processor.process(AbstractHttp11Processor.java:1177)
	at org.apache.coyote.AbstractProtocol$AbstractConnectionHandler.process(AbstractProtocol.java:664)
	at org.apache.tomcat.util.net.JIoEndpoint$SocketProcessor.run(JIoEndpoint.java:330)
	at java.util.concurrent.ThreadPoolExecutor.runWorker(ThreadPoolExecutor.java:1149)
	at java.util.concurrent.ThreadPoolExecutor$Worker.run(ThreadPoolExecutor.java:624)
	at org.apache.tomcat.util.threads.TaskThread$WrappingRunnable.run(TaskThread.java:61)
	at java.lang.Thread.run(Thread.java:748)

九月 10, 2021 10:22:50 上午 org.apache.catalina.core.StandardWrapperValve invoke
严重: Servlet.service() for servlet [testServlet] in context with path [/demo-servlet] threw exception
java.lang.NumberFormatException: null
	at java.lang.Integer.parseInt(Integer.java:542)
	at java.lang.Integer.valueOf(Integer.java:766)
	at TestServlet.service(TestServlet.java:19)
	at javax.servlet.http.HttpServlet.service(HttpServlet.java:728)
	at org.apache.catalina.core.ApplicationFilterChain.internalDoFilter(ApplicationFilterChain.java:299)
	at org.apache.catalina.core.ApplicationFilterChain.doFilter(ApplicationFilterChain.java:202)
	at org.apache.catalina.core.StandardWrapperValve.invoke(StandardWrapperValve.java:224)
	at org.apache.catalina.core.StandardContextValve.invoke(StandardContextValve.java:110)
	at org.apache.catalina.authenticator.AuthenticatorBase.invoke(AuthenticatorBase.java:479)
	at org.apache.catalina.core.StandardHostValve.invoke(StandardHostValve.java:165)
	at org.apache.catalina.valves.ErrorReportValve.invoke(ErrorReportValve.java:104)
	at org.apache.catalina.valves.AccessLogValve.invoke(AccessLogValve.java:1025)
	at org.apache.catalina.core.StandardEngineValve.invoke(StandardEngineValve.java:117)
	at org.apache.catalina.connector.CoyoteAdapter.service(CoyoteAdapter.java:469)
	at org.apache.coyote.http11.AbstractHttp11Processor.process(AbstractHttp11Processor.java:1177)
	at org.apache.coyote.AbstractProtocol$AbstractConnectionHandler.process(AbstractProtocol.java:664)
	at org.apache.tomcat.util.net.JIoEndpoint$SocketProcessor.run(JIoEndpoint.java:334)
	at java.util.concurrent.ThreadPoolExecutor.runWorker(ThreadPoolExecutor.java:1149)
	at java.util.concurrent.ThreadPoolExecutor$Worker.run(ThreadPoolExecutor.java:624)
	at org.apache.tomcat.util.threads.TaskThread$WrappingRunnable.run(TaskThread.java:61)
	at java.lang.Thread.run(Thread.java:748)

九月 10, 2021 10:23:12 上午 org.apache.catalina.core.StandardWrapperValve invoke
严重: Servlet.service() for servlet [testServlet] in context with path [/demo-servlet] threw exception
java.lang.NumberFormatException: null
	at java.lang.Integer.parseInt(Integer.java:542)
	at java.lang.Integer.valueOf(Integer.java:766)
	at TestServlet.service(TestServlet.java:19)
	at javax.servlet.http.HttpServlet.service(HttpServlet.java:728)
	at org.apache.catalina.core.ApplicationFilterChain.internalDoFilter(ApplicationFilterChain.java:299)
	at org.apache.catalina.core.ApplicationFilterChain.doFilter(ApplicationFilterChain.java:202)
	at org.apache.catalina.core.StandardWrapperValve.invoke(StandardWrapperValve.java:224)
	at org.apache.catalina.core.StandardContextValve.invoke(StandardContextValve.java:110)
	at org.apache.catalina.authenticator.AuthenticatorBase.invoke(AuthenticatorBase.java:479)
	at org.apache.catalina.core.StandardHostValve.invoke(StandardHostValve.java:165)
	at org.apache.catalina.valves.ErrorReportValve.invoke(ErrorReportValve.java:104)
	at org.apache.catalina.valves.AccessLogValve.invoke(AccessLogValve.java:1025)
	at org.apache.catalina.core.StandardEngineValve.invoke(StandardEngineValve.java:117)
	at org.apache.catalina.connector.CoyoteAdapter.service(CoyoteAdapter.java:469)
	at org.apache.coyote.http11.AbstractHttp11Processor.process(AbstractHttp11Processor.java:1177)
	at org.apache.coyote.AbstractProtocol$AbstractConnectionHandler.process(AbstractProtocol.java:664)
	at org.apache.tomcat.util.net.JIoEndpoint$SocketProcessor.run(JIoEndpoint.java:334)
	at java.util.concurrent.ThreadPoolExecutor.runWorker(ThreadPoolExecutor.java:1149)
	at java.util.concurrent.ThreadPoolExecutor$Worker.run(ThreadPoolExecutor.java:624)
	at org.apache.tomcat.util.threads.TaskThread$WrappingRunnable.run(TaskThread.java:61)
	at java.lang.Thread.run(Thread.java:748)

