Apr 14, 2021 9:16:53 AM org.apache.catalina.core.StandardContext listenerStart
SEVERE: Error configuring application listener of class [listeners.ContextListener]
java.lang.ClassNotFoundException: listeners.ContextListener
	at org.apache.catalina.loader.WebappClassLoaderBase.loadClass(WebappClassLoaderBase.java:1991)
	at org.apache.catalina.loader.WebappClassLoaderBase.loadClass(WebappClassLoaderBase.java:1824)
	at org.apache.catalina.core.DefaultInstanceManager.loadClass(DefaultInstanceManager.java:540)
	at org.apache.catalina.core.DefaultInstanceManager.loadClassMaybePrivileged(DefaultInstanceManager.java:518)
	at org.apache.catalina.core.DefaultInstanceManager.newInstance(DefaultInstanceManager.java:148)
	at org.apache.catalina.core.StandardContext.listenerStart(StandardContext.java:5127)
	at org.apache.catalina.core.StandardContext.startInternal(StandardContext.java:5759)
	at org.apache.catalina.util.LifecycleBase.start(LifecycleBase.java:145)
	at org.apache.catalina.core.ContainerBase.addChildInternal(ContainerBase.java:1026)
	at org.apache.catalina.core.ContainerBase.addChild(ContainerBase.java:998)
	at org.apache.catalina.core.StandardHost.addChild(StandardHost.java:664)
	at org.apache.catalina.startup.HostConfig.deployDirectory(HostConfig.java:1287)
	at org.apache.catalina.startup.HostConfig$DeployDirectory.run(HostConfig.java:2079)
	at java.util.concurrent.Executors$RunnableAdapter.call(Executors.java:511)
	at java.util.concurrent.FutureTask.run$$$capture(FutureTask.java:266)
	at java.util.concurrent.FutureTask.run(FutureTask.java)
	at java.util.concurrent.ThreadPoolExecutor.runWorker(ThreadPoolExecutor.java:1149)
	at java.util.concurrent.ThreadPoolExecutor$Worker.run(ThreadPoolExecutor.java:624)
	at java.lang.Thread.run(Thread.java:748)

Apr 14, 2021 9:16:53 AM org.apache.catalina.core.StandardContext listenerStart
SEVERE: Error configuring application listener of class [listeners.SessionListener]
java.lang.ClassNotFoundException: listeners.SessionListener
	at org.apache.catalina.loader.WebappClassLoaderBase.loadClass(WebappClassLoaderBase.java:1991)
	at org.apache.catalina.loader.WebappClassLoaderBase.loadClass(WebappClassLoaderBase.java:1824)
	at org.apache.catalina.core.DefaultInstanceManager.loadClass(DefaultInstanceManager.java:540)
	at org.apache.catalina.core.DefaultInstanceManager.loadClassMaybePrivileged(DefaultInstanceManager.java:518)
	at org.apache.catalina.core.DefaultInstanceManager.newInstance(DefaultInstanceManager.java:148)
	at org.apache.catalina.core.StandardContext.listenerStart(StandardContext.java:5127)
	at org.apache.catalina.core.StandardContext.startInternal(StandardContext.java:5759)
	at org.apache.catalina.util.LifecycleBase.start(LifecycleBase.java:145)
	at org.apache.catalina.core.ContainerBase.addChildInternal(ContainerBase.java:1026)
	at org.apache.catalina.core.ContainerBase.addChild(ContainerBase.java:998)
	at org.apache.catalina.core.StandardHost.addChild(StandardHost.java:664)
	at org.apache.catalina.startup.HostConfig.deployDirectory(HostConfig.java:1287)
	at org.apache.catalina.startup.HostConfig$DeployDirectory.run(HostConfig.java:2079)
	at java.util.concurrent.Executors$RunnableAdapter.call(Executors.java:511)
	at java.util.concurrent.FutureTask.run$$$capture(FutureTask.java:266)
	at java.util.concurrent.FutureTask.run(FutureTask.java)
	at java.util.concurrent.ThreadPoolExecutor.runWorker(ThreadPoolExecutor.java:1149)
	at java.util.concurrent.ThreadPoolExecutor$Worker.run(ThreadPoolExecutor.java:624)
	at java.lang.Thread.run(Thread.java:748)

Apr 14, 2021 9:16:53 AM org.apache.catalina.core.StandardContext listenerStart
SEVERE: Error configuring application listener of class [async.AsyncStockContextListener]
java.lang.ClassNotFoundException: async.AsyncStockContextListener
	at org.apache.catalina.loader.WebappClassLoaderBase.loadClass(WebappClassLoaderBase.java:1991)
	at org.apache.catalina.loader.WebappClassLoaderBase.loadClass(WebappClassLoaderBase.java:1824)
	at org.apache.catalina.core.DefaultInstanceManager.loadClass(DefaultInstanceManager.java:540)
	at org.apache.catalina.core.DefaultInstanceManager.loadClassMaybePrivileged(DefaultInstanceManager.java:518)
	at org.apache.catalina.core.DefaultInstanceManager.newInstance(DefaultInstanceManager.java:148)
	at org.apache.catalina.core.StandardContext.listenerStart(StandardContext.java:5127)
	at org.apache.catalina.core.StandardContext.startInternal(StandardContext.java:5759)
	at org.apache.catalina.util.LifecycleBase.start(LifecycleBase.java:145)
	at org.apache.catalina.core.ContainerBase.addChildInternal(ContainerBase.java:1026)
	at org.apache.catalina.core.ContainerBase.addChild(ContainerBase.java:998)
	at org.apache.catalina.core.StandardHost.addChild(StandardHost.java:664)
	at org.apache.catalina.startup.HostConfig.deployDirectory(HostConfig.java:1287)
	at org.apache.catalina.startup.HostConfig$DeployDirectory.run(HostConfig.java:2079)
	at java.util.concurrent.Executors$RunnableAdapter.call(Executors.java:511)
	at java.util.concurrent.FutureTask.run$$$capture(FutureTask.java:266)
	at java.util.concurrent.FutureTask.run(FutureTask.java)
	at java.util.concurrent.ThreadPoolExecutor.runWorker(ThreadPoolExecutor.java:1149)
	at java.util.concurrent.ThreadPoolExecutor$Worker.run(ThreadPoolExecutor.java:624)
	at java.lang.Thread.run(Thread.java:748)

Apr 14, 2021 9:16:53 AM org.apache.catalina.core.StandardContext listenerStart
SEVERE: Error configuring application listener of class [websocket.drawboard.DrawboardContextListener]
java.lang.ClassNotFoundException: websocket.drawboard.DrawboardContextListener
	at org.apache.catalina.loader.WebappClassLoaderBase.loadClass(WebappClassLoaderBase.java:1991)
	at org.apache.catalina.loader.WebappClassLoaderBase.loadClass(WebappClassLoaderBase.java:1824)
	at org.apache.catalina.core.DefaultInstanceManager.loadClass(DefaultInstanceManager.java:540)
	at org.apache.catalina.core.DefaultInstanceManager.loadClassMaybePrivileged(DefaultInstanceManager.java:518)
	at org.apache.catalina.core.DefaultInstanceManager.newInstance(DefaultInstanceManager.java:148)
	at org.apache.catalina.core.StandardContext.listenerStart(StandardContext.java:5127)
	at org.apache.catalina.core.StandardContext.startInternal(StandardContext.java:5759)
	at org.apache.catalina.util.LifecycleBase.start(LifecycleBase.java:145)
	at org.apache.catalina.core.ContainerBase.addChildInternal(ContainerBase.java:1026)
	at org.apache.catalina.core.ContainerBase.addChild(ContainerBase.java:998)
	at org.apache.catalina.core.StandardHost.addChild(StandardHost.java:664)
	at org.apache.catalina.startup.HostConfig.deployDirectory(HostConfig.java:1287)
	at org.apache.catalina.startup.HostConfig$DeployDirectory.run(HostConfig.java:2079)
	at java.util.concurrent.Executors$RunnableAdapter.call(Executors.java:511)
	at java.util.concurrent.FutureTask.run$$$capture(FutureTask.java:266)
	at java.util.concurrent.FutureTask.run(FutureTask.java)
	at java.util.concurrent.ThreadPoolExecutor.runWorker(ThreadPoolExecutor.java:1149)
	at java.util.concurrent.ThreadPoolExecutor$Worker.run(ThreadPoolExecutor.java:624)
	at java.lang.Thread.run(Thread.java:748)

Apr 14, 2021 9:16:53 AM org.apache.catalina.core.StandardContext listenerStart
SEVERE: Skipped installing application listeners due to previous error(s)
